{"/Users/reinierkaper/personal/i18n-sourcemap-issues/src/utils/check-browser-support.ts": {"path":"/Users/reinierkaper/personal/i18n-sourcemap-issues/src/utils/check-browser-support.ts","all":false,"statementMap":{"0":{"start":{"line":1,"column":0},"end":{"line":1,"column":131}},"1":{"start":{"line":2,"column":0},"end":{"line":2,"column":70}},"2":{"start":{"line":3,"column":0},"end":{"line":3,"column":62}},"3":{"start":{"line":4,"column":0},"end":{"line":4,"column":41}},"4":{"start":{"line":5,"column":0},"end":{"line":5,"column":38}},"5":{"start":{"line":6,"column":0},"end":{"line":6,"column":35}},"6":{"start":{"line":7,"column":0},"end":{"line":7,"column":52}},"7":{"start":{"line":8,"column":0},"end":{"line":8,"column":62}},"8":{"start":{"line":9,"column":0},"end":{"line":9,"column":96}},"9":{"start":{"line":10,"column":0},"end":{"line":10,"column":109}},"10":{"start":{"line":11,"column":0},"end":{"line":11,"column":116}},"11":{"start":{"line":12,"column":0},"end":{"line":12,"column":110}},"12":{"start":{"line":13,"column":0},"end":{"line":13,"column":60}},"13":{"start":{"line":14,"column":0},"end":{"line":14,"column":56}},"14":{"start":{"line":15,"column":0},"end":{"line":15,"column":62}},"15":{"start":{"line":16,"column":0},"end":{"line":16,"column":60}},"16":{"start":{"line":17,"column":0},"end":{"line":17,"column":10}},"17":{"start":{"line":18,"column":0},"end":{"line":18,"column":16}},"18":{"start":{"line":19,"column":0},"end":{"line":19,"column":24}},"19":{"start":{"line":20,"column":0},"end":{"line":20,"column":24}},"20":{"start":{"line":21,"column":0},"end":{"line":21,"column":21}},"21":{"start":{"line":22,"column":0},"end":{"line":22,"column":25}},"22":{"start":{"line":23,"column":0},"end":{"line":23,"column":19}},"23":{"start":{"line":24,"column":0},"end":{"line":24,"column":13}},"24":{"start":{"line":25,"column":0},"end":{"line":25,"column":11}},"25":{"start":{"line":26,"column":0},"end":{"line":26,"column":14}},"26":{"start":{"line":27,"column":0},"end":{"line":27,"column":12}},"27":{"start":{"line":28,"column":0},"end":{"line":28,"column":4}},"28":{"start":{"line":29,"column":0},"end":{"line":29,"column":1}}},"s":{"0":1,"1":1,"2":1,"3":6,"4":6,"5":6,"6":6,"7":6,"8":6,"9":6,"10":6,"11":6,"12":6,"13":6,"14":6,"15":6,"16":6,"17":6,"18":6,"19":6,"20":6,"21":6,"22":6,"23":6,"24":6,"25":6,"26":6,"27":6,"28":6},"branchMap":{"0":{"type":"branch","line":3,"loc":{"start":{"line":3,"column":15},"end":{"line":29,"column":1}},"locations":[{"start":{"line":3,"column":15},"end":{"line":29,"column":1}}]},"1":{"type":"branch","line":9,"loc":{"start":{"line":9,"column":42},"end":{"line":9,"column":87}},"locations":[{"start":{"line":9,"column":42},"end":{"line":9,"column":87}}]},"2":{"type":"branch","line":9,"loc":{"start":{"line":9,"column":88},"end":{"line":9,"column":95}},"locations":[{"start":{"line":9,"column":88},"end":{"line":9,"column":95}}]},"3":{"type":"branch","line":10,"loc":{"start":{"line":10,"column":47},"end":{"line":10,"column":108}},"locations":[{"start":{"line":10,"column":47},"end":{"line":10,"column":108}}]},"4":{"type":"branch","line":11,"loc":{"start":{"line":11,"column":51},"end":{"line":11,"column":115}},"locations":[{"start":{"line":11,"column":51},"end":{"line":11,"column":115}}]},"5":{"type":"branch","line":12,"loc":{"start":{"line":12,"column":46},"end":{"line":12,"column":109}},"locations":[{"start":{"line":12,"column":46},"end":{"line":12,"column":109}}]},"6":{"type":"branch","line":13,"loc":{"start":{"line":13,"column":38},"end":{"line":13,"column":48}},"locations":[{"start":{"line":13,"column":38},"end":{"line":13,"column":48}}]},"7":{"type":"branch","line":14,"loc":{"start":{"line":14,"column":36},"end":{"line":14,"column":46}},"locations":[{"start":{"line":14,"column":36},"end":{"line":14,"column":46}}]},"8":{"type":"branch","line":15,"loc":{"start":{"line":15,"column":39},"end":{"line":15,"column":49}},"locations":[{"start":{"line":15,"column":39},"end":{"line":15,"column":49}}]},"9":{"type":"branch","line":16,"loc":{"start":{"line":16,"column":38},"end":{"line":16,"column":48}},"locations":[{"start":{"line":16,"column":38},"end":{"line":16,"column":48}}]}},"b":{"0":[6],"1":[5],"2":[1],"3":[4],"4":[4],"5":[4],"6":[5],"7":[5],"8":[5],"9":[5]},"fnMap":{"0":{"name":"checkBrowserSupport","decl":{"start":{"line":3,"column":15},"end":{"line":29,"column":1}},"loc":{"start":{"line":3,"column":15},"end":{"line":29,"column":1}},"line":3}},"f":{"0":6}}
,"/Users/reinierkaper/personal/i18n-sourcemap-issues/src/utils/checks.ts": {"path":"/Users/reinierkaper/personal/i18n-sourcemap-issues/src/utils/checks.ts","all":false,"statementMap":{"0":{"start":{"line":1,"column":0},"end":{"line":1,"column":70}}},"s":{"0":1},"branchMap":{"0":{"type":"branch","line":1,"loc":{"start":{"line":1,"column":24},"end":{"line":1,"column":69}},"locations":[{"start":{"line":1,"column":24},"end":{"line":1,"column":69}}]},"1":{"type":"branch","line":1,"loc":{"start":{"line":1,"column":50},"end":{"line":1,"column":69}},"locations":[{"start":{"line":1,"column":50},"end":{"line":1,"column":69}}]}},"b":{"0":[179],"1":[178]},"fnMap":{"0":{"name":"hasValue","decl":{"start":{"line":1,"column":24},"end":{"line":1,"column":69}},"loc":{"start":{"line":1,"column":24},"end":{"line":1,"column":69}},"line":1}},"f":{"0":179}}
,"/Users/reinierkaper/personal/i18n-sourcemap-issues/src/utils/convert-string-to-bool.ts": {"path":"/Users/reinierkaper/personal/i18n-sourcemap-issues/src/utils/convert-string-to-bool.ts","all":false,"statementMap":{"0":{"start":{"line":1,"column":0},"end":{"line":1,"column":42}},"1":{"start":{"line":2,"column":0},"end":{"line":2,"column":34}},"2":{"start":{"line":3,"column":0},"end":{"line":3,"column":36}},"3":{"start":{"line":4,"column":0},"end":{"line":4,"column":13}},"4":{"start":{"line":5,"column":0},"end":{"line":5,"column":1}},"5":{"start":{"line":6,"column":0},"end":{"line":6,"column":59}},"6":{"start":{"line":7,"column":0},"end":{"line":7,"column":31}},"7":{"start":{"line":8,"column":0},"end":{"line":8,"column":59}},"8":{"start":{"line":9,"column":0},"end":{"line":9,"column":5}},"9":{"start":{"line":10,"column":0},"end":{"line":10,"column":13}},"10":{"start":{"line":11,"column":0},"end":{"line":11,"column":1}}},"s":{"0":1,"1":12,"2":12,"3":8,"4":8,"5":1,"6":1,"7":7,"8":1,"9":1,"10":1},"branchMap":{"0":{"type":"branch","line":1,"loc":{"start":{"line":1,"column":7},"end":{"line":5,"column":1}},"locations":[{"start":{"line":1,"column":7},"end":{"line":5,"column":1}}]},"1":{"type":"branch","line":2,"loc":{"start":{"line":2,"column":22},"end":{"line":2,"column":34}},"locations":[{"start":{"line":2,"column":22},"end":{"line":2,"column":34}}]},"2":{"type":"branch","line":2,"loc":{"start":{"line":2,"column":33},"end":{"line":3,"column":23}},"locations":[{"start":{"line":2,"column":33},"end":{"line":3,"column":23}}]},"3":{"type":"branch","line":3,"loc":{"start":{"line":3,"column":23},"end":{"line":3,"column":36}},"locations":[{"start":{"line":3,"column":23},"end":{"line":3,"column":36}}]},"4":{"type":"branch","line":3,"loc":{"start":{"line":3,"column":35},"end":{"line":5,"column":1}},"locations":[{"start":{"line":3,"column":35},"end":{"line":5,"column":1}}]},"5":{"type":"branch","line":6,"loc":{"start":{"line":6,"column":7},"end":{"line":11,"column":1}},"locations":[{"start":{"line":6,"column":7},"end":{"line":11,"column":1}}]},"6":{"type":"branch","line":7,"loc":{"start":{"line":7,"column":23},"end":{"line":9,"column":3}},"locations":[{"start":{"line":7,"column":23},"end":{"line":9,"column":3}}]},"7":{"type":"branch","line":8,"loc":{"start":{"line":8,"column":39},"end":{"line":8,"column":49}},"locations":[{"start":{"line":8,"column":39},"end":{"line":8,"column":49}}]},"8":{"type":"branch","line":8,"loc":{"start":{"line":8,"column":52},"end":{"line":8,"column":57}},"locations":[{"start":{"line":8,"column":52},"end":{"line":8,"column":57}}]}},"b":{"0":[12],"1":[2],"2":[10],"3":[2],"4":[8],"5":[1],"6":[7],"7":[5],"8":[2]},"fnMap":{"0":{"name":"convertStringToBool","decl":{"start":{"line":1,"column":7},"end":{"line":5,"column":1}},"loc":{"start":{"line":1,"column":7},"end":{"line":5,"column":1}},"line":1},"1":{"name":"convertObjectValuesStringToBool","decl":{"start":{"line":6,"column":7},"end":{"line":11,"column":1}},"loc":{"start":{"line":6,"column":7},"end":{"line":11,"column":1}},"line":6}},"f":{"0":12,"1":1}}
,"/Users/reinierkaper/personal/i18n-sourcemap-issues/src/utils/convert-units.ts": {"path":"/Users/reinierkaper/personal/i18n-sourcemap-issues/src/utils/convert-units.ts","all":false,"statementMap":{"0":{"start":{"line":1,"column":0},"end":{"line":1,"column":52}},"1":{"start":{"line":2,"column":0},"end":{"line":2,"column":51}}},"s":{"0":1,"1":1},"branchMap":{"0":{"type":"branch","line":1,"loc":{"start":{"line":1,"column":22},"end":{"line":1,"column":51}},"locations":[{"start":{"line":1,"column":22},"end":{"line":1,"column":51}}]},"1":{"type":"branch","line":2,"loc":{"start":{"line":2,"column":22},"end":{"line":2,"column":50}},"locations":[{"start":{"line":2,"column":22},"end":{"line":2,"column":50}}]}},"b":{"0":[11],"1":[63]},"fnMap":{"0":{"name":"kmToMi","decl":{"start":{"line":1,"column":22},"end":{"line":1,"column":51}},"loc":{"start":{"line":1,"column":22},"end":{"line":1,"column":51}},"line":1},"1":{"name":"miToKm","decl":{"start":{"line":2,"column":22},"end":{"line":2,"column":50}},"loc":{"start":{"line":2,"column":22},"end":{"line":2,"column":50}},"line":2}},"f":{"0":11,"1":63}}
,"/Users/reinierkaper/personal/i18n-sourcemap-issues/src/utils/dates-helpers.ts": {"path":"/Users/reinierkaper/personal/i18n-sourcemap-issues/src/utils/dates-helpers.ts","all":false,"statementMap":{"0":{"start":{"line":1,"column":0},"end":{"line":1,"column":57}},"5":{"start":{"line":6,"column":0},"end":{"line":6,"column":47}},"6":{"start":{"line":7,"column":0},"end":{"line":7,"column":20}},"7":{"start":{"line":8,"column":0},"end":{"line":8,"column":125}},"8":{"start":{"line":9,"column":0},"end":{"line":9,"column":1}},"9":{"start":{"line":10,"column":0},"end":{"line":10,"column":38}},"10":{"start":{"line":11,"column":0},"end":{"line":11,"column":52}},"11":{"start":{"line":12,"column":0},"end":{"line":12,"column":53}},"12":{"start":{"line":13,"column":0},"end":{"line":13,"column":10}},"13":{"start":{"line":14,"column":0},"end":{"line":14,"column":40}},"14":{"start":{"line":15,"column":0},"end":{"line":15,"column":35}},"15":{"start":{"line":16,"column":0},"end":{"line":16,"column":4}},"16":{"start":{"line":17,"column":0},"end":{"line":17,"column":2}},"17":{"start":{"line":18,"column":0},"end":{"line":18,"column":48}},"18":{"start":{"line":19,"column":0},"end":{"line":19,"column":33}},"19":{"start":{"line":20,"column":0},"end":{"line":20,"column":29}},"20":{"start":{"line":21,"column":0},"end":{"line":21,"column":56}},"21":{"start":{"line":22,"column":0},"end":{"line":22,"column":18}},"22":{"start":{"line":23,"column":0},"end":{"line":23,"column":47}},"23":{"start":{"line":24,"column":0},"end":{"line":24,"column":3}},"24":{"start":{"line":25,"column":0},"end":{"line":25,"column":62}},"25":{"start":{"line":26,"column":0},"end":{"line":26,"column":65}},"26":{"start":{"line":27,"column":0},"end":{"line":27,"column":53}},"27":{"start":{"line":28,"column":0},"end":{"line":28,"column":10}},"28":{"start":{"line":29,"column":0},"end":{"line":29,"column":40}},"29":{"start":{"line":30,"column":0},"end":{"line":30,"column":35}},"30":{"start":{"line":31,"column":0},"end":{"line":31,"column":4}},"31":{"start":{"line":32,"column":0},"end":{"line":32,"column":2}},"32":{"start":{"line":33,"column":0},"end":{"line":33,"column":49}},"33":{"start":{"line":34,"column":0},"end":{"line":34,"column":31}},"34":{"start":{"line":35,"column":0},"end":{"line":35,"column":41}},"35":{"start":{"line":36,"column":0},"end":{"line":36,"column":70}},"36":{"start":{"line":37,"column":0},"end":{"line":37,"column":2}},"37":{"start":{"line":38,"column":0},"end":{"line":38,"column":55}},"38":{"start":{"line":39,"column":0},"end":{"line":39,"column":19}},"39":{"start":{"line":40,"column":0},"end":{"line":40,"column":21}},"40":{"start":{"line":41,"column":0},"end":{"line":41,"column":37}},"41":{"start":{"line":42,"column":0},"end":{"line":42,"column":53}},"42":{"start":{"line":43,"column":0},"end":{"line":43,"column":49}},"43":{"start":{"line":44,"column":0},"end":{"line":44,"column":102}},"44":{"start":{"line":45,"column":0},"end":{"line":45,"column":2}},"45":{"start":{"line":46,"column":0},"end":{"line":46,"column":63}},"46":{"start":{"line":47,"column":0},"end":{"line":47,"column":74}},"47":{"start":{"line":48,"column":0},"end":{"line":48,"column":45}},"48":{"start":{"line":49,"column":0},"end":{"line":49,"column":48}},"49":{"start":{"line":50,"column":0},"end":{"line":50,"column":3}},"50":{"start":{"line":51,"column":0},"end":{"line":51,"column":21}},"51":{"start":{"line":52,"column":0},"end":{"line":52,"column":2}},"52":{"start":{"line":53,"column":0},"end":{"line":53,"column":51}},"53":{"start":{"line":54,"column":0},"end":{"line":54,"column":23}},"54":{"start":{"line":55,"column":0},"end":{"line":55,"column":36}},"55":{"start":{"line":56,"column":0},"end":{"line":56,"column":3}},"56":{"start":{"line":57,"column":0},"end":{"line":57,"column":37}},"57":{"start":{"line":58,"column":0},"end":{"line":58,"column":2}},"58":{"start":{"line":59,"column":0},"end":{"line":59,"column":50}},"59":{"start":{"line":60,"column":0},"end":{"line":60,"column":35}},"60":{"start":{"line":61,"column":0},"end":{"line":61,"column":19}},"61":{"start":{"line":62,"column":0},"end":{"line":62,"column":56}},"62":{"start":{"line":63,"column":0},"end":{"line":63,"column":52}},"63":{"start":{"line":64,"column":0},"end":{"line":64,"column":47}},"64":{"start":{"line":65,"column":0},"end":{"line":65,"column":2}},"65":{"start":{"line":66,"column":0},"end":{"line":66,"column":60}},"66":{"start":{"line":67,"column":0},"end":{"line":67,"column":95}},"67":{"start":{"line":68,"column":0},"end":{"line":68,"column":89}},"68":{"start":{"line":69,"column":0},"end":{"line":69,"column":24}},"69":{"start":{"line":70,"column":0},"end":{"line":70,"column":2}},"70":{"start":{"line":71,"column":0},"end":{"line":71,"column":71}},"71":{"start":{"line":72,"column":0},"end":{"line":72,"column":186}},"72":{"start":{"line":73,"column":0},"end":{"line":73,"column":2}},"73":{"start":{"line":74,"column":0},"end":{"line":74,"column":50}},"74":{"start":{"line":75,"column":0},"end":{"line":75,"column":24}},"75":{"start":{"line":76,"column":0},"end":{"line":76,"column":26}},"76":{"start":{"line":77,"column":0},"end":{"line":77,"column":42}},"77":{"start":{"line":78,"column":0},"end":{"line":78,"column":29}},"78":{"start":{"line":79,"column":0},"end":{"line":79,"column":2}}},"s":{"0":1,"5":1,"6":6,"7":5,"8":5,"9":1,"10":1,"11":1,"12":1,"13":1,"14":1,"15":1,"16":1,"17":1,"18":6,"19":6,"20":6,"21":6,"22":2,"23":2,"24":4,"25":4,"26":4,"27":4,"28":4,"29":4,"30":4,"31":4,"32":1,"33":2,"34":2,"35":2,"36":2,"37":1,"38":4,"39":4,"40":4,"41":4,"42":4,"43":4,"44":4,"45":1,"46":6,"47":6,"48":1,"49":1,"50":6,"51":6,"52":1,"53":6,"54":1,"55":1,"56":5,"57":5,"58":1,"59":4,"60":3,"61":3,"62":3,"63":4,"64":4,"65":1,"66":2,"67":2,"68":2,"69":2,"70":1,"71":2,"72":2,"73":1,"74":2,"75":2,"76":2,"77":2,"78":2},"branchMap":{"0":{"type":"branch","line":6,"loc":{"start":{"line":6,"column":7},"end":{"line":9,"column":1}},"locations":[{"start":{"line":6,"column":7},"end":{"line":9,"column":1}}]},"1":{"type":"branch","line":7,"loc":{"start":{"line":7,"column":13},"end":{"line":7,"column":20}},"locations":[{"start":{"line":7,"column":13},"end":{"line":7,"column":20}}]},"2":{"type":"branch","line":7,"loc":{"start":{"line":7,"column":19},"end":{"line":9,"column":1}},"locations":[{"start":{"line":7,"column":19},"end":{"line":9,"column":1}}]},"3":{"type":"branch","line":10,"loc":{"start":{"line":10,"column":31},"end":{"line":17,"column":2}},"locations":[{"start":{"line":10,"column":31},"end":{"line":17,"column":2}}]},"4":{"type":"branch","line":18,"loc":{"start":{"line":18,"column":31},"end":{"line":32,"column":2}},"locations":[{"start":{"line":18,"column":31},"end":{"line":32,"column":2}}]},"5":{"type":"branch","line":22,"loc":{"start":{"line":22,"column":17},"end":{"line":24,"column":3}},"locations":[{"start":{"line":22,"column":17},"end":{"line":24,"column":3}}]},"6":{"type":"branch","line":24,"loc":{"start":{"line":24,"column":2},"end":{"line":32,"column":2}},"locations":[{"start":{"line":24,"column":2},"end":{"line":32,"column":2}}]},"7":{"type":"branch","line":33,"loc":{"start":{"line":33,"column":35},"end":{"line":37,"column":2}},"locations":[{"start":{"line":33,"column":35},"end":{"line":37,"column":2}}]},"8":{"type":"branch","line":38,"loc":{"start":{"line":38,"column":30},"end":{"line":45,"column":2}},"locations":[{"start":{"line":38,"column":30},"end":{"line":45,"column":2}}]},"9":{"type":"branch","line":44,"loc":{"start":{"line":44,"column":35},"end":{"line":44,"column":101}},"locations":[{"start":{"line":44,"column":35},"end":{"line":44,"column":101}}]},"10":{"type":"branch","line":46,"loc":{"start":{"line":46,"column":37},"end":{"line":52,"column":2}},"locations":[{"start":{"line":46,"column":37},"end":{"line":52,"column":2}}]},"11":{"type":"branch","line":47,"loc":{"start":{"line":47,"column":50},"end":{"line":47,"column":53}},"locations":[{"start":{"line":47,"column":50},"end":{"line":47,"column":53}}]},"12":{"type":"branch","line":47,"loc":{"start":{"line":47,"column":54},"end":{"line":47,"column":57}},"locations":[{"start":{"line":47,"column":54},"end":{"line":47,"column":57}}]},"13":{"type":"branch","line":48,"loc":{"start":{"line":48,"column":44},"end":{"line":50,"column":3}},"locations":[{"start":{"line":48,"column":44},"end":{"line":50,"column":3}}]},"14":{"type":"branch","line":53,"loc":{"start":{"line":53,"column":34},"end":{"line":58,"column":2}},"locations":[{"start":{"line":53,"column":34},"end":{"line":58,"column":2}}]},"15":{"type":"branch","line":54,"loc":{"start":{"line":54,"column":13},"end":{"line":54,"column":20}},"locations":[{"start":{"line":54,"column":13},"end":{"line":54,"column":20}}]},"16":{"type":"branch","line":54,"loc":{"start":{"line":54,"column":22},"end":{"line":56,"column":3}},"locations":[{"start":{"line":54,"column":22},"end":{"line":56,"column":3}}]},"17":{"type":"branch","line":56,"loc":{"start":{"line":56,"column":2},"end":{"line":58,"column":2}},"locations":[{"start":{"line":56,"column":2},"end":{"line":58,"column":2}}]},"18":{"type":"branch","line":59,"loc":{"start":{"line":59,"column":33},"end":{"line":65,"column":2}},"locations":[{"start":{"line":59,"column":33},"end":{"line":65,"column":2}}]},"19":{"type":"branch","line":60,"loc":{"start":{"line":60,"column":22},"end":{"line":60,"column":35}},"locations":[{"start":{"line":60,"column":22},"end":{"line":60,"column":35}}]},"20":{"type":"branch","line":60,"loc":{"start":{"line":60,"column":34},"end":{"line":64,"column":33}},"locations":[{"start":{"line":60,"column":34},"end":{"line":64,"column":33}}]},"21":{"type":"branch","line":64,"loc":{"start":{"line":64,"column":33},"end":{"line":64,"column":46}},"locations":[{"start":{"line":64,"column":33},"end":{"line":64,"column":46}}]},"22":{"type":"branch","line":66,"loc":{"start":{"line":66,"column":39},"end":{"line":70,"column":2}},"locations":[{"start":{"line":66,"column":39},"end":{"line":70,"column":2}}]},"23":{"type":"branch","line":67,"loc":{"start":{"line":67,"column":31},"end":{"line":67,"column":60}},"locations":[{"start":{"line":67,"column":31},"end":{"line":67,"column":60}}]},"24":{"type":"branch","line":67,"loc":{"start":{"line":67,"column":61},"end":{"line":67,"column":94}},"locations":[{"start":{"line":67,"column":61},"end":{"line":67,"column":94}}]},"25":{"type":"branch","line":68,"loc":{"start":{"line":68,"column":29},"end":{"line":68,"column":56}},"locations":[{"start":{"line":68,"column":29},"end":{"line":68,"column":56}}]},"26":{"type":"branch","line":68,"loc":{"start":{"line":68,"column":57},"end":{"line":68,"column":88}},"locations":[{"start":{"line":68,"column":57},"end":{"line":68,"column":88}}]},"27":{"type":"branch","line":71,"loc":{"start":{"line":71,"column":38},"end":{"line":73,"column":2}},"locations":[{"start":{"line":71,"column":38},"end":{"line":73,"column":2}}]},"28":{"type":"branch","line":72,"loc":{"start":{"line":72,"column":24},"end":{"line":72,"column":100}},"locations":[{"start":{"line":72,"column":24},"end":{"line":72,"column":100}}]},"29":{"type":"branch","line":72,"loc":{"start":{"line":72,"column":64},"end":{"line":72,"column":100}},"locations":[{"start":{"line":72,"column":64},"end":{"line":72,"column":100}}]},"30":{"type":"branch","line":72,"loc":{"start":{"line":72,"column":101},"end":{"line":72,"column":185}},"locations":[{"start":{"line":72,"column":101},"end":{"line":72,"column":185}}]},"31":{"type":"branch","line":74,"loc":{"start":{"line":74,"column":39},"end":{"line":79,"column":2}},"locations":[{"start":{"line":74,"column":39},"end":{"line":79,"column":2}}]},"32":{"type":"branch","line":78,"loc":{"start":{"line":78,"column":18},"end":{"line":78,"column":21}},"locations":[{"start":{"line":78,"column":18},"end":{"line":78,"column":21}}]},"33":{"type":"branch","line":78,"loc":{"start":{"line":78,"column":22},"end":{"line":78,"column":28}},"locations":[{"start":{"line":78,"column":22},"end":{"line":78,"column":28}}]}},"b":{"0":[6],"1":[1],"2":[5],"3":[1],"4":[6],"5":[2],"6":[4],"7":[2],"8":[4],"9":[3],"10":[6],"11":[3],"12":[3],"13":[1],"14":[6],"15":[5],"16":[1],"17":[5],"18":[4],"19":[1],"20":[3],"21":[2],"22":[2],"23":[1],"24":[1],"25":[1],"26":[1],"27":[2],"28":[1],"29":[0],"30":[1],"31":[2],"32":[1],"33":[1]},"fnMap":{"0":{"name":"getNumOfNightsUntilDate","decl":{"start":{"line":6,"column":7},"end":{"line":9,"column":1}},"loc":{"start":{"line":6,"column":7},"end":{"line":9,"column":1}},"line":6},"1":{"name":"getDefaultMidweekDates","decl":{"start":{"line":10,"column":31},"end":{"line":17,"column":2}},"loc":{"start":{"line":10,"column":31},"end":{"line":17,"column":2}},"line":10},"2":{"name":"getMidweekDates","decl":{"start":{"line":18,"column":31},"end":{"line":32,"column":2}},"loc":{"start":{"line":18,"column":31},"end":{"line":32,"column":2}},"line":18},"3":{"name":"getMidweekDatesForBigRange","decl":{"start":{"line":33,"column":35},"end":{"line":37,"column":2}},"loc":{"start":{"line":33,"column":35},"end":{"line":37,"column":2}},"line":33},"4":{"name":"isStartOrEndOnWeekend","decl":{"start":{"line":38,"column":30},"end":{"line":45,"column":2}},"loc":{"start":{"line":38,"column":30},"end":{"line":45,"column":2}},"line":38},"5":{"name":"adjustStartForWeekend","decl":{"start":{"line":46,"column":37},"end":{"line":52,"column":2}},"loc":{"start":{"line":46,"column":37},"end":{"line":52,"column":2}},"line":46},"6":{"name":"selectMidweekDates","decl":{"start":{"line":53,"column":34},"end":{"line":58,"column":2}},"loc":{"start":{"line":53,"column":34},"end":{"line":58,"column":2}},"line":53},"7":{"name":"isMidweekSelected","decl":{"start":{"line":59,"column":33},"end":{"line":65,"column":2}},"loc":{"start":{"line":59,"column":33},"end":{"line":65,"column":2}},"line":59},"8":{"name":"selectThanksgivingDates","decl":{"start":{"line":66,"column":39},"end":{"line":70,"column":2}},"loc":{"start":{"line":66,"column":39},"end":{"line":70,"column":2}},"line":66},"9":{"name":"isThanksgivingSelected","decl":{"start":{"line":71,"column":38},"end":{"line":73,"column":2}},"loc":{"start":{"line":71,"column":38},"end":{"line":73,"column":2}},"line":71},"10":{"name":"numberOfNightsUntilDate","decl":{"start":{"line":74,"column":39},"end":{"line":79,"column":2}},"loc":{"start":{"line":74,"column":39},"end":{"line":79,"column":2}},"line":74}},"f":{"0":6,"1":1,"2":6,"3":2,"4":4,"5":6,"6":6,"7":4,"8":2,"9":2,"10":2}}
,"/Users/reinierkaper/personal/i18n-sourcemap-issues/src/utils/dates.ts": {"path":"/Users/reinierkaper/personal/i18n-sourcemap-issues/src/utils/dates.ts","all":false,"statementMap":{"0":{"start":{"line":1,"column":0},"end":{"line":1,"column":107}},"1":{"start":{"line":2,"column":0},"end":{"line":2,"column":106}},"2":{"start":{"line":3,"column":0},"end":{"line":3,"column":116}},"3":{"start":{"line":4,"column":0},"end":{"line":4,"column":134}},"4":{"start":{"line":5,"column":0},"end":{"line":5,"column":130}},"5":{"start":{"line":6,"column":0},"end":{"line":6,"column":128}},"6":{"start":{"line":7,"column":0},"end":{"line":7,"column":128}},"7":{"start":{"line":8,"column":0},"end":{"line":8,"column":126}},"8":{"start":{"line":9,"column":0},"end":{"line":9,"column":118}},"9":{"start":{"line":10,"column":0},"end":{"line":10,"column":114}},"10":{"start":{"line":11,"column":0},"end":{"line":11,"column":96}},"11":{"start":{"line":12,"column":0},"end":{"line":12,"column":18}},"12":{"start":{"line":13,"column":0},"end":{"line":13,"column":23}},"13":{"start":{"line":14,"column":0},"end":{"line":14,"column":32}},"14":{"start":{"line":15,"column":0},"end":{"line":15,"column":30}},"15":{"start":{"line":16,"column":0},"end":{"line":16,"column":29}},"16":{"start":{"line":17,"column":0},"end":{"line":17,"column":29}},"17":{"start":{"line":18,"column":0},"end":{"line":18,"column":28}},"18":{"start":{"line":19,"column":0},"end":{"line":19,"column":24}},"19":{"start":{"line":20,"column":0},"end":{"line":20,"column":22}},"20":{"start":{"line":21,"column":0},"end":{"line":21,"column":20}},"21":{"start":{"line":22,"column":0},"end":{"line":22,"column":21}}},"s":{"0":1,"1":1,"2":1,"3":1,"4":1,"5":1,"6":1,"7":1,"8":1,"9":1,"10":1,"11":1,"12":1,"13":1,"14":1,"15":1,"16":1,"17":1,"18":1,"19":1,"20":1,"21":1},"branchMap":{},"b":{},"fnMap":{},"f":{}}
,"/Users/reinierkaper/personal/i18n-sourcemap-issues/src/utils/distances.ts": {"path":"/Users/reinierkaper/personal/i18n-sourcemap-issues/src/utils/distances.ts","all":false,"statementMap":{"0":{"start":{"line":1,"column":0},"end":{"line":1,"column":86}},"1":{"start":{"line":2,"column":0},"end":{"line":2,"column":61}},"2":{"start":{"line":3,"column":0},"end":{"line":3,"column":27}},"3":{"start":{"line":4,"column":0},"end":{"line":4,"column":42}},"4":{"start":{"line":5,"column":0},"end":{"line":5,"column":42}},"5":{"start":{"line":6,"column":0},"end":{"line":6,"column":43}},"6":{"start":{"line":7,"column":0},"end":{"line":7,"column":47}},"7":{"start":{"line":8,"column":0},"end":{"line":8,"column":134}},"8":{"start":{"line":9,"column":0},"end":{"line":9,"column":18}},"9":{"start":{"line":10,"column":0},"end":{"line":10,"column":2}},"10":{"start":{"line":11,"column":0},"end":{"line":11,"column":59}},"11":{"start":{"line":12,"column":0},"end":{"line":12,"column":42}},"12":{"start":{"line":13,"column":0},"end":{"line":13,"column":39}},"13":{"start":{"line":14,"column":0},"end":{"line":14,"column":67}},"14":{"start":{"line":15,"column":0},"end":{"line":15,"column":2}},"15":{"start":{"line":16,"column":0},"end":{"line":16,"column":64}},"16":{"start":{"line":17,"column":0},"end":{"line":17,"column":56}},"17":{"start":{"line":18,"column":0},"end":{"line":18,"column":44}},"18":{"start":{"line":19,"column":0},"end":{"line":19,"column":2}}},"s":{"0":1,"1":1,"2":3,"3":3,"4":3,"5":3,"6":3,"7":3,"8":3,"9":3,"10":1,"11":7,"12":7,"13":7,"14":7,"15":1,"16":3,"17":3,"18":3},"branchMap":{"0":{"type":"branch","line":2,"loc":{"start":{"line":2,"column":40},"end":{"line":10,"column":2}},"locations":[{"start":{"line":2,"column":40},"end":{"line":10,"column":2}}]},"1":{"type":"branch","line":11,"loc":{"start":{"line":11,"column":41},"end":{"line":15,"column":2}},"locations":[{"start":{"line":11,"column":41},"end":{"line":15,"column":2}}]},"2":{"type":"branch","line":13,"loc":{"start":{"line":13,"column":20},"end":{"line":13,"column":39}},"locations":[{"start":{"line":13,"column":20},"end":{"line":13,"column":39}}]},"3":{"type":"branch","line":13,"loc":{"start":{"line":13,"column":38},"end":{"line":14,"column":52}},"locations":[{"start":{"line":13,"column":38},"end":{"line":14,"column":52}}]},"4":{"type":"branch","line":14,"loc":{"start":{"line":14,"column":52},"end":{"line":14,"column":66}},"locations":[{"start":{"line":14,"column":52},"end":{"line":14,"column":66}}]},"5":{"type":"branch","line":16,"loc":{"start":{"line":16,"column":46},"end":{"line":19,"column":2}},"locations":[{"start":{"line":16,"column":46},"end":{"line":19,"column":2}}]},"6":{"type":"branch","line":18,"loc":{"start":{"line":18,"column":28},"end":{"line":18,"column":34}},"locations":[{"start":{"line":18,"column":28},"end":{"line":18,"column":34}}]},"7":{"type":"branch","line":18,"loc":{"start":{"line":18,"column":35},"end":{"line":18,"column":43}},"locations":[{"start":{"line":18,"column":35},"end":{"line":18,"column":43}}]}},"b":{"0":[3],"1":[7],"2":[1],"3":[6],"4":[4],"5":[3],"6":[1],"7":[2]},"fnMap":{"0":{"name":"distanceBetweenTwoPoints","decl":{"start":{"line":2,"column":40},"end":{"line":10,"column":2}},"loc":{"start":{"line":2,"column":40},"end":{"line":10,"column":2}},"line":2},"1":{"name":"countryCodeToDistanceUnit","decl":{"start":{"line":11,"column":41},"end":{"line":15,"column":2}},"loc":{"start":{"line":11,"column":41},"end":{"line":15,"column":2}},"line":11},"2":{"name":"countryCodeToDistanceUnitShort","decl":{"start":{"line":16,"column":46},"end":{"line":19,"column":2}},"loc":{"start":{"line":16,"column":46},"end":{"line":19,"column":2}},"line":16}},"f":{"0":3,"1":7,"2":3}}
,"/Users/reinierkaper/personal/i18n-sourcemap-issues/src/utils/elements.ts": {"path":"/Users/reinierkaper/personal/i18n-sourcemap-issues/src/utils/elements.ts","all":false,"statementMap":{"0":{"start":{"line":1,"column":0},"end":{"line":1,"column":50}},"1":{"start":{"line":2,"column":0},"end":{"line":2,"column":28}},"2":{"start":{"line":3,"column":0},"end":{"line":3,"column":11}},"3":{"start":{"line":4,"column":0},"end":{"line":4,"column":3}},"4":{"start":{"line":5,"column":0},"end":{"line":5,"column":37}},"5":{"start":{"line":6,"column":0},"end":{"line":6,"column":1}}},"s":{"0":1,"1":2,"2":1,"3":1,"4":2,"5":2},"branchMap":{"0":{"type":"branch","line":1,"loc":{"start":{"line":1,"column":7},"end":{"line":6,"column":1}},"locations":[{"start":{"line":1,"column":7},"end":{"line":6,"column":1}}]},"1":{"type":"branch","line":2,"loc":{"start":{"line":2,"column":27},"end":{"line":5,"column":34}},"locations":[{"start":{"line":2,"column":27},"end":{"line":5,"column":34}}]}},"b":{"0":[2],"1":[1]},"fnMap":{"0":{"name":"focusElementInput","decl":{"start":{"line":1,"column":7},"end":{"line":6,"column":1}},"loc":{"start":{"line":1,"column":7},"end":{"line":6,"column":1}},"line":1}},"f":{"0":2}}
,"/Users/reinierkaper/personal/i18n-sourcemap-issues/src/utils/format-dates.ts": {"path":"/Users/reinierkaper/personal/i18n-sourcemap-issues/src/utils/format-dates.ts","all":false,"statementMap":{"0":{"start":{"line":1,"column":0},"end":{"line":1,"column":36}},"1":{"start":{"line":2,"column":0},"end":{"line":2,"column":47}},"2":{"start":{"line":3,"column":0},"end":{"line":3,"column":34}},"3":{"start":{"line":4,"column":0},"end":{"line":4,"column":2}},"4":{"start":{"line":5,"column":0},"end":{"line":5,"column":48}},"5":{"start":{"line":6,"column":0},"end":{"line":6,"column":34}},"6":{"start":{"line":7,"column":0},"end":{"line":7,"column":2}},"7":{"start":{"line":8,"column":0},"end":{"line":8,"column":52}},"8":{"start":{"line":9,"column":0},"end":{"line":9,"column":35}},"9":{"start":{"line":10,"column":0},"end":{"line":10,"column":2}},"10":{"start":{"line":11,"column":0},"end":{"line":11,"column":50}},"11":{"start":{"line":12,"column":0},"end":{"line":12,"column":44}},"12":{"start":{"line":13,"column":0},"end":{"line":13,"column":2}},"13":{"start":{"line":14,"column":0},"end":{"line":14,"column":44}},"14":{"start":{"line":15,"column":0},"end":{"line":15,"column":37}},"15":{"start":{"line":16,"column":0},"end":{"line":16,"column":2}},"16":{"start":{"line":17,"column":0},"end":{"line":17,"column":48}},"17":{"start":{"line":18,"column":0},"end":{"line":18,"column":43}},"18":{"start":{"line":19,"column":0},"end":{"line":19,"column":2}},"19":{"start":{"line":20,"column":0},"end":{"line":20,"column":42}},"20":{"start":{"line":21,"column":0},"end":{"line":21,"column":42}},"21":{"start":{"line":22,"column":0},"end":{"line":22,"column":2}},"22":{"start":{"line":23,"column":0},"end":{"line":23,"column":43}},"23":{"start":{"line":24,"column":0},"end":{"line":24,"column":36}},"24":{"start":{"line":25,"column":0},"end":{"line":25,"column":2}},"25":{"start":{"line":26,"column":0},"end":{"line":26,"column":51}},"26":{"start":{"line":27,"column":0},"end":{"line":27,"column":56}},"27":{"start":{"line":28,"column":0},"end":{"line":28,"column":2}},"28":{"start":{"line":29,"column":0},"end":{"line":29,"column":44}},"29":{"start":{"line":30,"column":0},"end":{"line":30,"column":36}},"30":{"start":{"line":31,"column":0},"end":{"line":31,"column":2}},"31":{"start":{"line":32,"column":0},"end":{"line":32,"column":39}},"32":{"start":{"line":33,"column":0},"end":{"line":33,"column":38}},"33":{"start":{"line":34,"column":0},"end":{"line":34,"column":2}},"34":{"start":{"line":35,"column":0},"end":{"line":35,"column":44}},"35":{"start":{"line":36,"column":0},"end":{"line":36,"column":40}},"36":{"start":{"line":37,"column":0},"end":{"line":37,"column":2}},"37":{"start":{"line":38,"column":0},"end":{"line":38,"column":46}},"38":{"start":{"line":39,"column":0},"end":{"line":39,"column":43}},"39":{"start":{"line":40,"column":0},"end":{"line":40,"column":2}},"40":{"start":{"line":41,"column":0},"end":{"line":41,"column":49}},"41":{"start":{"line":42,"column":0},"end":{"line":42,"column":52}},"42":{"start":{"line":43,"column":0},"end":{"line":43,"column":2}},"43":{"start":{"line":44,"column":0},"end":{"line":44,"column":43}},"44":{"start":{"line":45,"column":0},"end":{"line":45,"column":33}},"45":{"start":{"line":46,"column":0},"end":{"line":46,"column":2}},"46":{"start":{"line":47,"column":0},"end":{"line":47,"column":41}},"47":{"start":{"line":48,"column":0},"end":{"line":48,"column":33}},"48":{"start":{"line":49,"column":0},"end":{"line":49,"column":2}},"49":{"start":{"line":50,"column":0},"end":{"line":50,"column":52}},"50":{"start":{"line":51,"column":0},"end":{"line":51,"column":34}},"51":{"start":{"line":52,"column":0},"end":{"line":52,"column":2}},"52":{"start":{"line":53,"column":0},"end":{"line":53,"column":71}},"53":{"start":{"line":54,"column":0},"end":{"line":54,"column":101}},"54":{"start":{"line":55,"column":0},"end":{"line":55,"column":2}}},"s":{"0":1,"1":1,"2":4,"3":4,"4":1,"5":4,"6":4,"7":1,"8":4,"9":4,"10":1,"11":4,"12":4,"13":1,"14":4,"15":4,"16":1,"17":4,"18":4,"19":1,"20":18,"21":18,"22":1,"23":4,"24":4,"25":1,"26":4,"27":4,"28":1,"29":4,"30":4,"31":1,"32":4,"33":4,"34":1,"35":4,"36":4,"37":1,"38":4,"39":4,"40":1,"41":4,"42":4,"43":1,"44":2,"45":2,"46":1,"47":4,"48":4,"49":1,"50":4,"51":4,"52":1,"53":4,"54":4},"branchMap":{"0":{"type":"branch","line":2,"loc":{"start":{"line":2,"column":36},"end":{"line":4,"column":2}},"locations":[{"start":{"line":2,"column":36},"end":{"line":4,"column":2}}]},"1":{"type":"branch","line":5,"loc":{"start":{"line":5,"column":37},"end":{"line":7,"column":2}},"locations":[{"start":{"line":5,"column":37},"end":{"line":7,"column":2}}]},"2":{"type":"branch","line":8,"loc":{"start":{"line":8,"column":41},"end":{"line":10,"column":2}},"locations":[{"start":{"line":8,"column":41},"end":{"line":10,"column":2}}]},"3":{"type":"branch","line":11,"loc":{"start":{"line":11,"column":39},"end":{"line":13,"column":2}},"locations":[{"start":{"line":11,"column":39},"end":{"line":13,"column":2}}]},"4":{"type":"branch","line":14,"loc":{"start":{"line":14,"column":33},"end":{"line":16,"column":2}},"locations":[{"start":{"line":14,"column":33},"end":{"line":16,"column":2}}]},"5":{"type":"branch","line":17,"loc":{"start":{"line":17,"column":37},"end":{"line":19,"column":2}},"locations":[{"start":{"line":17,"column":37},"end":{"line":19,"column":2}}]},"6":{"type":"branch","line":20,"loc":{"start":{"line":20,"column":31},"end":{"line":22,"column":2}},"locations":[{"start":{"line":20,"column":31},"end":{"line":22,"column":2}}]},"7":{"type":"branch","line":23,"loc":{"start":{"line":23,"column":32},"end":{"line":25,"column":2}},"locations":[{"start":{"line":23,"column":32},"end":{"line":25,"column":2}}]},"8":{"type":"branch","line":26,"loc":{"start":{"line":26,"column":40},"end":{"line":28,"column":2}},"locations":[{"start":{"line":26,"column":40},"end":{"line":28,"column":2}}]},"9":{"type":"branch","line":29,"loc":{"start":{"line":29,"column":33},"end":{"line":31,"column":2}},"locations":[{"start":{"line":29,"column":33},"end":{"line":31,"column":2}}]},"10":{"type":"branch","line":32,"loc":{"start":{"line":32,"column":28},"end":{"line":34,"column":2}},"locations":[{"start":{"line":32,"column":28},"end":{"line":34,"column":2}}]},"11":{"type":"branch","line":35,"loc":{"start":{"line":35,"column":33},"end":{"line":37,"column":2}},"locations":[{"start":{"line":35,"column":33},"end":{"line":37,"column":2}}]},"12":{"type":"branch","line":38,"loc":{"start":{"line":38,"column":35},"end":{"line":40,"column":2}},"locations":[{"start":{"line":38,"column":35},"end":{"line":40,"column":2}}]},"13":{"type":"branch","line":41,"loc":{"start":{"line":41,"column":38},"end":{"line":43,"column":2}},"locations":[{"start":{"line":41,"column":38},"end":{"line":43,"column":2}}]},"14":{"type":"branch","line":44,"loc":{"start":{"line":44,"column":32},"end":{"line":46,"column":2}},"locations":[{"start":{"line":44,"column":32},"end":{"line":46,"column":2}}]},"15":{"type":"branch","line":47,"loc":{"start":{"line":47,"column":30},"end":{"line":49,"column":2}},"locations":[{"start":{"line":47,"column":30},"end":{"line":49,"column":2}}]},"16":{"type":"branch","line":50,"loc":{"start":{"line":50,"column":41},"end":{"line":52,"column":2}},"locations":[{"start":{"line":50,"column":41},"end":{"line":52,"column":2}}]},"17":{"type":"branch","line":53,"loc":{"start":{"line":53,"column":29},"end":{"line":55,"column":2}},"locations":[{"start":{"line":53,"column":29},"end":{"line":55,"column":2}}]},"18":{"type":"branch","line":54,"loc":{"start":{"line":54,"column":86},"end":{"line":54,"column":91}},"locations":[{"start":{"line":54,"column":86},"end":{"line":54,"column":91}}]},"19":{"type":"branch","line":54,"loc":{"start":{"line":54,"column":92},"end":{"line":54,"column":97}},"locations":[{"start":{"line":54,"column":92},"end":{"line":54,"column":97}}]}},"b":{"0":[4],"1":[4],"2":[4],"3":[4],"4":[4],"5":[4],"6":[18],"7":[4],"8":[4],"9":[4],"10":[4],"11":[4],"12":[4],"13":[4],"14":[2],"15":[4],"16":[4],"17":[4],"18":[2],"19":[2]},"fnMap":{"0":{"name":"formatAsFullDateLong","decl":{"start":{"line":2,"column":36},"end":{"line":4,"column":2}},"loc":{"start":{"line":2,"column":36},"end":{"line":4,"column":2}},"line":2},"1":{"name":"formatAsShortDateLong","decl":{"start":{"line":5,"column":37},"end":{"line":7,"column":2}},"loc":{"start":{"line":5,"column":37},"end":{"line":7,"column":2}},"line":5},"2":{"name":"formatAsShortDateWithTime","decl":{"start":{"line":8,"column":41},"end":{"line":10,"column":2}},"loc":{"start":{"line":8,"column":41},"end":{"line":10,"column":2}},"line":8},"3":{"name":"formatAsOrdinalDateLong","decl":{"start":{"line":11,"column":39},"end":{"line":13,"column":2}},"loc":{"start":{"line":11,"column":39},"end":{"line":13,"column":2}},"line":11},"4":{"name":"formatAsShortDate","decl":{"start":{"line":14,"column":33},"end":{"line":16,"column":2}},"loc":{"start":{"line":14,"column":33},"end":{"line":16,"column":2}},"line":14},"5":{"name":"formatAsShortDateYear","decl":{"start":{"line":17,"column":37},"end":{"line":19,"column":2}},"loc":{"start":{"line":17,"column":37},"end":{"line":19,"column":2}},"line":17},"6":{"name":"formatAsDateISO","decl":{"start":{"line":20,"column":31},"end":{"line":22,"column":2}},"loc":{"start":{"line":20,"column":31},"end":{"line":22,"column":2}},"line":20},"7":{"name":"formatAsYearOnly","decl":{"start":{"line":23,"column":32},"end":{"line":25,"column":2}},"loc":{"start":{"line":23,"column":32},"end":{"line":25,"column":2}},"line":23},"8":{"name":"formatAsDateTimeExtended","decl":{"start":{"line":26,"column":40},"end":{"line":28,"column":2}},"loc":{"start":{"line":26,"column":40},"end":{"line":28,"column":2}},"line":26},"9":{"name":"formatAsDayOfWeek","decl":{"start":{"line":29,"column":33},"end":{"line":31,"column":2}},"loc":{"start":{"line":29,"column":33},"end":{"line":31,"column":2}},"line":29},"10":{"name":"formatAsTime","decl":{"start":{"line":32,"column":28},"end":{"line":34,"column":2}},"loc":{"start":{"line":32,"column":28},"end":{"line":34,"column":2}},"line":32},"11":{"name":"formatAsMonthYear","decl":{"start":{"line":35,"column":33},"end":{"line":37,"column":2}},"loc":{"start":{"line":35,"column":33},"end":{"line":37,"column":2}},"line":35},"12":{"name":"formatAsDayAndMonth","decl":{"start":{"line":38,"column":35},"end":{"line":40,"column":2}},"loc":{"start":{"line":38,"column":35},"end":{"line":40,"column":2}},"line":38},"13":{"name":"formatAsDateTimeOffset","decl":{"start":{"line":41,"column":38},"end":{"line":43,"column":2}},"loc":{"start":{"line":41,"column":38},"end":{"line":43,"column":2}},"line":41},"14":{"name":"formatAsTimeZone","decl":{"start":{"line":44,"column":32},"end":{"line":46,"column":2}},"loc":{"start":{"line":44,"column":32},"end":{"line":46,"column":2}},"line":44},"15":{"name":"formatAsHour24","decl":{"start":{"line":47,"column":30},"end":{"line":49,"column":2}},"loc":{"start":{"line":47,"column":30},"end":{"line":49,"column":2}},"line":47},"16":{"name":"formatAsHour12Abbreviated","decl":{"start":{"line":50,"column":41},"end":{"line":52,"column":2}},"loc":{"start":{"line":50,"column":41},"end":{"line":52,"column":2}},"line":50},"17":{"name":"translateTime","decl":{"start":{"line":53,"column":29},"end":{"line":55,"column":2}},"loc":{"start":{"line":53,"column":29},"end":{"line":55,"column":2}},"line":53}},"f":{"0":4,"1":4,"2":4,"3":4,"4":4,"5":4,"6":18,"7":4,"8":4,"9":4,"10":4,"11":4,"12":4,"13":4,"14":2,"15":4,"16":4,"17":4}}
,"/Users/reinierkaper/personal/i18n-sourcemap-issues/src/utils/format-numbers.ts": {"path":"/Users/reinierkaper/personal/i18n-sourcemap-issues/src/utils/format-numbers.ts","all":false,"statementMap":{"0":{"start":{"line":1,"column":0},"end":{"line":1,"column":55}},"3":{"start":{"line":4,"column":0},"end":{"line":4,"column":44}},"4":{"start":{"line":5,"column":0},"end":{"line":5,"column":31}},"5":{"start":{"line":6,"column":0},"end":{"line":6,"column":16}},"6":{"start":{"line":7,"column":0},"end":{"line":7,"column":2}},"7":{"start":{"line":8,"column":0},"end":{"line":8,"column":64}},"8":{"start":{"line":9,"column":0},"end":{"line":9,"column":121}},"9":{"start":{"line":10,"column":0},"end":{"line":10,"column":2}},"10":{"start":{"line":11,"column":0},"end":{"line":11,"column":46}},"11":{"start":{"line":12,"column":0},"end":{"line":12,"column":41}},"12":{"start":{"line":13,"column":0},"end":{"line":13,"column":2}},"13":{"start":{"line":14,"column":0},"end":{"line":14,"column":84}},"14":{"start":{"line":15,"column":0},"end":{"line":15,"column":69}},"15":{"start":{"line":16,"column":0},"end":{"line":16,"column":92}},"16":{"start":{"line":17,"column":0},"end":{"line":17,"column":116}},"17":{"start":{"line":18,"column":0},"end":{"line":18,"column":45}},"18":{"start":{"line":19,"column":0},"end":{"line":19,"column":2}},"19":{"start":{"line":20,"column":0},"end":{"line":20,"column":45}},"20":{"start":{"line":21,"column":0},"end":{"line":21,"column":48}},"21":{"start":{"line":22,"column":0},"end":{"line":22,"column":2}},"22":{"start":{"line":23,"column":0},"end":{"line":23,"column":62}},"23":{"start":{"line":24,"column":0},"end":{"line":24,"column":34}},"24":{"start":{"line":25,"column":0},"end":{"line":25,"column":2}},"25":{"start":{"line":26,"column":0},"end":{"line":26,"column":42}},"26":{"start":{"line":27,"column":0},"end":{"line":27,"column":23}},"27":{"start":{"line":28,"column":0},"end":{"line":28,"column":17}},"28":{"start":{"line":29,"column":0},"end":{"line":29,"column":3}},"29":{"start":{"line":30,"column":0},"end":{"line":30,"column":21}},"30":{"start":{"line":31,"column":0},"end":{"line":31,"column":2}}},"s":{"0":1,"3":1,"4":5,"5":2,"6":2,"7":1,"8":9,"9":9,"10":1,"11":5,"12":5,"13":1,"14":15,"15":15,"16":15,"17":15,"18":15,"19":1,"20":5,"21":5,"22":1,"23":4,"24":4,"25":1,"26":5,"27":1,"28":1,"29":4,"30":4},"branchMap":{"0":{"type":"branch","line":4,"loc":{"start":{"line":4,"column":32},"end":{"line":7,"column":2}},"locations":[{"start":{"line":4,"column":32},"end":{"line":7,"column":2}}]},"1":{"type":"branch","line":5,"loc":{"start":{"line":5,"column":18},"end":{"line":5,"column":31}},"locations":[{"start":{"line":5,"column":18},"end":{"line":5,"column":31}}]},"2":{"type":"branch","line":5,"loc":{"start":{"line":5,"column":30},"end":{"line":7,"column":2}},"locations":[{"start":{"line":5,"column":30},"end":{"line":7,"column":2}}]},"3":{"type":"branch","line":8,"loc":{"start":{"line":8,"column":37},"end":{"line":10,"column":2}},"locations":[{"start":{"line":8,"column":37},"end":{"line":10,"column":2}}]},"4":{"type":"branch","line":11,"loc":{"start":{"line":11,"column":34},"end":{"line":13,"column":2}},"locations":[{"start":{"line":11,"column":34},"end":{"line":13,"column":2}}]},"5":{"type":"branch","line":14,"loc":{"start":{"line":14,"column":30},"end":{"line":19,"column":2}},"locations":[{"start":{"line":14,"column":30},"end":{"line":19,"column":2}}]},"6":{"type":"branch","line":15,"loc":{"start":{"line":15,"column":52},"end":{"line":15,"column":58}},"locations":[{"start":{"line":15,"column":52},"end":{"line":15,"column":58}}]},"7":{"type":"branch","line":15,"loc":{"start":{"line":15,"column":59},"end":{"line":15,"column":68}},"locations":[{"start":{"line":15,"column":59},"end":{"line":15,"column":68}}]},"8":{"type":"branch","line":16,"loc":{"start":{"line":16,"column":62},"end":{"line":16,"column":72}},"locations":[{"start":{"line":16,"column":62},"end":{"line":16,"column":72}}]},"9":{"type":"branch","line":16,"loc":{"start":{"line":16,"column":73},"end":{"line":16,"column":91}},"locations":[{"start":{"line":16,"column":73},"end":{"line":16,"column":91}}]},"10":{"type":"branch","line":20,"loc":{"start":{"line":20,"column":33},"end":{"line":22,"column":2}},"locations":[{"start":{"line":20,"column":33},"end":{"line":22,"column":2}}]},"11":{"type":"branch","line":23,"loc":{"start":{"line":23,"column":35},"end":{"line":25,"column":2}},"locations":[{"start":{"line":23,"column":35},"end":{"line":25,"column":2}}]},"12":{"type":"branch","line":26,"loc":{"start":{"line":26,"column":30},"end":{"line":31,"column":2}},"locations":[{"start":{"line":26,"column":30},"end":{"line":31,"column":2}}]},"13":{"type":"branch","line":27,"loc":{"start":{"line":27,"column":22},"end":{"line":29,"column":3}},"locations":[{"start":{"line":27,"column":22},"end":{"line":29,"column":3}}]},"14":{"type":"branch","line":29,"loc":{"start":{"line":29,"column":2},"end":{"line":31,"column":2}},"locations":[{"start":{"line":29,"column":2},"end":{"line":31,"column":2}}]}},"b":{"0":[5],"1":[3],"2":[2],"3":[9],"4":[5],"5":[15],"6":[7],"7":[8],"8":[7],"9":[8],"10":[5],"11":[4],"12":[5],"13":[1],"14":[4]},"fnMap":{"0":{"name":"toNegativeNumber","decl":{"start":{"line":4,"column":32},"end":{"line":7,"column":2}},"loc":{"start":{"line":4,"column":32},"end":{"line":7,"column":2}},"line":4},"1":{"name":"roundToNearestDecimal","decl":{"start":{"line":8,"column":37},"end":{"line":10,"column":2}},"loc":{"start":{"line":8,"column":37},"end":{"line":10,"column":2}},"line":8},"2":{"name":"roundToNearestCent","decl":{"start":{"line":11,"column":34},"end":{"line":13,"column":2}},"loc":{"start":{"line":11,"column":34},"end":{"line":13,"column":2}},"line":11},"3":{"name":"formatDistance","decl":{"start":{"line":14,"column":30},"end":{"line":19,"column":2}},"loc":{"start":{"line":14,"column":30},"end":{"line":19,"column":2}},"line":14},"4":{"name":"formatNearestHalf","decl":{"start":{"line":20,"column":33},"end":{"line":22,"column":2}},"loc":{"start":{"line":20,"column":33},"end":{"line":22,"column":2}},"line":20},"5":{"name":"formatWithPrecision","decl":{"start":{"line":23,"column":35},"end":{"line":25,"column":2}},"loc":{"start":{"line":23,"column":35},"end":{"line":25,"column":2}},"line":23},"6":{"name":"centsToDollars","decl":{"start":{"line":26,"column":30},"end":{"line":31,"column":2}},"loc":{"start":{"line":26,"column":30},"end":{"line":31,"column":2}},"line":26}},"f":{"0":5,"1":9,"2":5,"3":15,"4":5,"5":4,"6":5}}
,"/Users/reinierkaper/personal/i18n-sourcemap-issues/src/utils/format-strings.ts": {"path":"/Users/reinierkaper/personal/i18n-sourcemap-issues/src/utils/format-strings.ts","all":false,"statementMap":{"0":{"start":{"line":1,"column":0},"end":{"line":1,"column":39}},"1":{"start":{"line":2,"column":0},"end":{"line":2,"column":154}},"2":{"start":{"line":3,"column":0},"end":{"line":3,"column":2}},"3":{"start":{"line":4,"column":0},"end":{"line":4,"column":45}},"4":{"start":{"line":5,"column":0},"end":{"line":5,"column":95}},"5":{"start":{"line":6,"column":0},"end":{"line":6,"column":2}},"6":{"start":{"line":7,"column":0},"end":{"line":7,"column":45}},"7":{"start":{"line":8,"column":0},"end":{"line":8,"column":65}},"8":{"start":{"line":9,"column":0},"end":{"line":9,"column":39}},"9":{"start":{"line":10,"column":0},"end":{"line":10,"column":67}},"10":{"start":{"line":11,"column":0},"end":{"line":11,"column":25}},"11":{"start":{"line":12,"column":0},"end":{"line":12,"column":2}},"12":{"start":{"line":13,"column":0},"end":{"line":13,"column":44}},"13":{"start":{"line":14,"column":0},"end":{"line":14,"column":109}},"14":{"start":{"line":15,"column":0},"end":{"line":15,"column":2}},"15":{"start":{"line":16,"column":0},"end":{"line":16,"column":46}},"16":{"start":{"line":17,"column":0},"end":{"line":17,"column":58}},"17":{"start":{"line":18,"column":0},"end":{"line":18,"column":38}},"18":{"start":{"line":19,"column":0},"end":{"line":19,"column":25}},"19":{"start":{"line":20,"column":0},"end":{"line":20,"column":2}},"20":{"start":{"line":21,"column":0},"end":{"line":21,"column":76}},"21":{"start":{"line":22,"column":0},"end":{"line":22,"column":62}},"22":{"start":{"line":23,"column":0},"end":{"line":23,"column":19}},"23":{"start":{"line":24,"column":0},"end":{"line":24,"column":17}},"24":{"start":{"line":25,"column":0},"end":{"line":25,"column":3}},"25":{"start":{"line":26,"column":0},"end":{"line":26,"column":57}},"26":{"start":{"line":27,"column":0},"end":{"line":27,"column":56}},"27":{"start":{"line":28,"column":0},"end":{"line":28,"column":60}},"28":{"start":{"line":29,"column":0},"end":{"line":29,"column":2}},"29":{"start":{"line":30,"column":0},"end":{"line":30,"column":62}},"30":{"start":{"line":31,"column":0},"end":{"line":31,"column":19}},"31":{"start":{"line":32,"column":0},"end":{"line":32,"column":17}},"32":{"start":{"line":33,"column":0},"end":{"line":33,"column":3}},"33":{"start":{"line":34,"column":0},"end":{"line":34,"column":79}},"34":{"start":{"line":35,"column":0},"end":{"line":35,"column":38}},"35":{"start":{"line":36,"column":0},"end":{"line":36,"column":2}},"36":{"start":{"line":37,"column":0},"end":{"line":37,"column":51}},"37":{"start":{"line":38,"column":0},"end":{"line":38,"column":36}},"38":{"start":{"line":39,"column":0},"end":{"line":39,"column":60}},"39":{"start":{"line":40,"column":0},"end":{"line":40,"column":106}},"40":{"start":{"line":41,"column":0},"end":{"line":41,"column":41}},"41":{"start":{"line":42,"column":0},"end":{"line":42,"column":2}},"42":{"start":{"line":43,"column":0},"end":{"line":43,"column":62}},"43":{"start":{"line":44,"column":0},"end":{"line":44,"column":77}},"44":{"start":{"line":45,"column":0},"end":{"line":45,"column":54}},"45":{"start":{"line":46,"column":0},"end":{"line":46,"column":53}},"46":{"start":{"line":47,"column":0},"end":{"line":47,"column":12}},"47":{"start":{"line":48,"column":0},"end":{"line":48,"column":2}},"48":{"start":{"line":49,"column":0},"end":{"line":49,"column":53}},"49":{"start":{"line":50,"column":0},"end":{"line":50,"column":52}},"50":{"start":{"line":51,"column":0},"end":{"line":51,"column":69}},"51":{"start":{"line":52,"column":0},"end":{"line":52,"column":2}},"52":{"start":{"line":53,"column":0},"end":{"line":53,"column":70}},"53":{"start":{"line":54,"column":0},"end":{"line":54,"column":106}},"54":{"start":{"line":55,"column":0},"end":{"line":55,"column":65}},"55":{"start":{"line":56,"column":0},"end":{"line":56,"column":40}},"56":{"start":{"line":57,"column":0},"end":{"line":57,"column":39}},"57":{"start":{"line":58,"column":0},"end":{"line":58,"column":2}},"58":{"start":{"line":59,"column":0},"end":{"line":59,"column":49}},"59":{"start":{"line":60,"column":0},"end":{"line":60,"column":34}},"60":{"start":{"line":61,"column":0},"end":{"line":61,"column":45}},"61":{"start":{"line":62,"column":0},"end":{"line":62,"column":2}},"62":{"start":{"line":63,"column":0},"end":{"line":63,"column":97}}},"s":{"0":1,"1":3,"2":3,"3":1,"4":3,"5":3,"6":1,"7":4,"8":11,"9":11,"10":4,"11":4,"12":1,"13":3,"14":3,"15":1,"16":4,"17":11,"18":4,"19":4,"20":1,"21":1,"22":7,"23":4,"24":4,"25":3,"26":7,"27":7,"28":7,"29":1,"30":7,"31":4,"32":4,"33":7,"34":7,"35":7,"36":1,"37":6,"38":6,"39":6,"40":6,"41":6,"42":1,"43":7,"44":7,"45":7,"46":3,"47":3,"48":1,"49":5,"50":4,"51":4,"52":1,"53":1,"54":1,"55":7,"56":5,"57":5,"58":1,"59":4,"60":4,"61":4,"62":1},"branchMap":{"0":{"type":"branch","line":1,"loc":{"start":{"line":1,"column":28},"end":{"line":3,"column":2}},"locations":[{"start":{"line":1,"column":28},"end":{"line":3,"column":2}}]},"1":{"type":"branch","line":4,"loc":{"start":{"line":4,"column":34},"end":{"line":6,"column":2}},"locations":[{"start":{"line":4,"column":34},"end":{"line":6,"column":2}}]},"2":{"type":"branch","line":5,"loc":{"start":{"line":5,"column":29},"end":{"line":5,"column":83}},"locations":[{"start":{"line":5,"column":29},"end":{"line":5,"column":83}}]},"3":{"type":"branch","line":7,"loc":{"start":{"line":7,"column":33},"end":{"line":12,"column":2}},"locations":[{"start":{"line":7,"column":33},"end":{"line":12,"column":2}}]},"4":{"type":"branch","line":8,"loc":{"start":{"line":8,"column":46},"end":{"line":11,"column":3}},"locations":[{"start":{"line":8,"column":46},"end":{"line":11,"column":3}}]},"5":{"type":"branch","line":9,"loc":{"start":{"line":9,"column":29},"end":{"line":9,"column":39}},"locations":[{"start":{"line":9,"column":29},"end":{"line":9,"column":39}}]},"6":{"type":"branch","line":9,"loc":{"start":{"line":9,"column":38},"end":{"line":10,"column":23}},"locations":[{"start":{"line":9,"column":38},"end":{"line":10,"column":23}}]},"7":{"type":"branch","line":10,"loc":{"start":{"line":10,"column":23},"end":{"line":10,"column":44}},"locations":[{"start":{"line":10,"column":23},"end":{"line":10,"column":44}}]},"8":{"type":"branch","line":10,"loc":{"start":{"line":10,"column":45},"end":{"line":10,"column":66}},"locations":[{"start":{"line":10,"column":45},"end":{"line":10,"column":66}}]},"9":{"type":"branch","line":13,"loc":{"start":{"line":13,"column":33},"end":{"line":15,"column":2}},"locations":[{"start":{"line":13,"column":33},"end":{"line":15,"column":2}}]},"10":{"type":"branch","line":14,"loc":{"start":{"line":14,"column":43},"end":{"line":14,"column":97}},"locations":[{"start":{"line":14,"column":43},"end":{"line":14,"column":97}}]},"11":{"type":"branch","line":16,"loc":{"start":{"line":16,"column":34},"end":{"line":20,"column":2}},"locations":[{"start":{"line":16,"column":34},"end":{"line":20,"column":2}}]},"12":{"type":"branch","line":17,"loc":{"start":{"line":17,"column":46},"end":{"line":19,"column":3}},"locations":[{"start":{"line":17,"column":46},"end":{"line":19,"column":3}}]},"13":{"type":"branch","line":21,"loc":{"start":{"line":21,"column":30},"end":{"line":21,"column":75}},"locations":[{"start":{"line":21,"column":30},"end":{"line":21,"column":75}}]},"14":{"type":"branch","line":22,"loc":{"start":{"line":22,"column":36},"end":{"line":29,"column":2}},"locations":[{"start":{"line":22,"column":36},"end":{"line":29,"column":2}}]},"15":{"type":"branch","line":23,"loc":{"start":{"line":23,"column":18},"end":{"line":25,"column":3}},"locations":[{"start":{"line":23,"column":18},"end":{"line":25,"column":3}}]},"16":{"type":"branch","line":25,"loc":{"start":{"line":25,"column":2},"end":{"line":27,"column":30}},"locations":[{"start":{"line":25,"column":2},"end":{"line":27,"column":30}}]},"17":{"type":"branch","line":27,"loc":{"start":{"line":27,"column":30},"end":{"line":27,"column":38}},"locations":[{"start":{"line":27,"column":30},"end":{"line":27,"column":38}}]},"18":{"type":"branch","line":28,"loc":{"start":{"line":28,"column":39},"end":{"line":28,"column":52}},"locations":[{"start":{"line":28,"column":39},"end":{"line":28,"column":52}}]},"19":{"type":"branch","line":28,"loc":{"start":{"line":28,"column":53},"end":{"line":28,"column":57}},"locations":[{"start":{"line":28,"column":53},"end":{"line":28,"column":57}}]},"20":{"type":"branch","line":30,"loc":{"start":{"line":30,"column":36},"end":{"line":36,"column":2}},"locations":[{"start":{"line":30,"column":36},"end":{"line":36,"column":2}}]},"21":{"type":"branch","line":31,"loc":{"start":{"line":31,"column":18},"end":{"line":33,"column":3}},"locations":[{"start":{"line":31,"column":18},"end":{"line":33,"column":3}}]},"22":{"type":"branch","line":33,"loc":{"start":{"line":33,"column":2},"end":{"line":34,"column":31}},"locations":[{"start":{"line":33,"column":2},"end":{"line":34,"column":31}}]},"23":{"type":"branch","line":34,"loc":{"start":{"line":34,"column":31},"end":{"line":34,"column":73}},"locations":[{"start":{"line":34,"column":31},"end":{"line":34,"column":73}}]},"24":{"type":"branch","line":34,"loc":{"start":{"line":34,"column":74},"end":{"line":34,"column":78}},"locations":[{"start":{"line":34,"column":74},"end":{"line":34,"column":78}}]},"25":{"type":"branch","line":37,"loc":{"start":{"line":37,"column":40},"end":{"line":42,"column":2}},"locations":[{"start":{"line":37,"column":40},"end":{"line":42,"column":2}}]},"26":{"type":"branch","line":40,"loc":{"start":{"line":40,"column":43},"end":{"line":40,"column":100}},"locations":[{"start":{"line":40,"column":43},"end":{"line":40,"column":100}}]},"27":{"type":"branch","line":40,"loc":{"start":{"line":40,"column":101},"end":{"line":40,"column":105}},"locations":[{"start":{"line":40,"column":101},"end":{"line":40,"column":105}}]},"28":{"type":"branch","line":43,"loc":{"start":{"line":43,"column":36},"end":{"line":48,"column":2}},"locations":[{"start":{"line":43,"column":36},"end":{"line":48,"column":2}}]},"29":{"type":"branch","line":44,"loc":{"start":{"line":44,"column":16},"end":{"line":44,"column":27}},"locations":[{"start":{"line":44,"column":16},"end":{"line":44,"column":27}}]},"30":{"type":"branch","line":44,"loc":{"start":{"line":44,"column":29},"end":{"line":44,"column":77}},"locations":[{"start":{"line":44,"column":29},"end":{"line":44,"column":77}}]},"31":{"type":"branch","line":44,"loc":{"start":{"line":44,"column":76},"end":{"line":45,"column":16}},"locations":[{"start":{"line":44,"column":76},"end":{"line":45,"column":16}}]},"32":{"type":"branch","line":45,"loc":{"start":{"line":45,"column":16},"end":{"line":45,"column":28}},"locations":[{"start":{"line":45,"column":16},"end":{"line":45,"column":28}}]},"33":{"type":"branch","line":45,"loc":{"start":{"line":45,"column":30},"end":{"line":45,"column":54}},"locations":[{"start":{"line":45,"column":30},"end":{"line":45,"column":54}}]},"34":{"type":"branch","line":45,"loc":{"start":{"line":45,"column":53},"end":{"line":46,"column":28}},"locations":[{"start":{"line":45,"column":53},"end":{"line":46,"column":28}}]},"35":{"type":"branch","line":46,"loc":{"start":{"line":46,"column":30},"end":{"line":46,"column":53}},"locations":[{"start":{"line":46,"column":30},"end":{"line":46,"column":53}}]},"36":{"type":"branch","line":46,"loc":{"start":{"line":46,"column":52},"end":{"line":48,"column":2}},"locations":[{"start":{"line":46,"column":52},"end":{"line":48,"column":2}}]},"37":{"type":"branch","line":49,"loc":{"start":{"line":49,"column":29},"end":{"line":52,"column":2}},"locations":[{"start":{"line":49,"column":29},"end":{"line":52,"column":2}}]},"38":{"type":"branch","line":50,"loc":{"start":{"line":50,"column":12},"end":{"line":50,"column":20}},"locations":[{"start":{"line":50,"column":12},"end":{"line":50,"column":20}}]},"39":{"type":"branch","line":50,"loc":{"start":{"line":50,"column":21},"end":{"line":50,"column":30}},"locations":[{"start":{"line":50,"column":21},"end":{"line":50,"column":30}}]},"40":{"type":"branch","line":50,"loc":{"start":{"line":50,"column":32},"end":{"line":50,"column":52}},"locations":[{"start":{"line":50,"column":32},"end":{"line":50,"column":52}}]},"41":{"type":"branch","line":50,"loc":{"start":{"line":50,"column":51},"end":{"line":52,"column":2}},"locations":[{"start":{"line":50,"column":51},"end":{"line":52,"column":2}}]},"42":{"type":"branch","line":51,"loc":{"start":{"line":51,"column":36},"end":{"line":51,"column":57}},"locations":[{"start":{"line":51,"column":36},"end":{"line":51,"column":57}}]},"43":{"type":"branch","line":53,"loc":{"start":{"line":53,"column":34},"end":{"line":53,"column":69}},"locations":[{"start":{"line":53,"column":34},"end":{"line":53,"column":69}}]},"44":{"type":"branch","line":54,"loc":{"start":{"line":54,"column":37},"end":{"line":54,"column":105}},"locations":[{"start":{"line":54,"column":37},"end":{"line":54,"column":105}}]},"45":{"type":"branch","line":54,"loc":{"start":{"line":54,"column":52},"end":{"line":54,"column":98}},"locations":[{"start":{"line":54,"column":52},"end":{"line":54,"column":98}}]},"46":{"type":"branch","line":54,"loc":{"start":{"line":54,"column":99},"end":{"line":54,"column":105}},"locations":[{"start":{"line":54,"column":99},"end":{"line":54,"column":105}}]},"47":{"type":"branch","line":55,"loc":{"start":{"line":55,"column":43},"end":{"line":58,"column":2}},"locations":[{"start":{"line":55,"column":43},"end":{"line":58,"column":2}}]},"48":{"type":"branch","line":56,"loc":{"start":{"line":56,"column":18},"end":{"line":56,"column":40}},"locations":[{"start":{"line":56,"column":18},"end":{"line":56,"column":40}}]},"49":{"type":"branch","line":56,"loc":{"start":{"line":56,"column":39},"end":{"line":58,"column":2}},"locations":[{"start":{"line":56,"column":39},"end":{"line":58,"column":2}}]},"50":{"type":"branch","line":59,"loc":{"start":{"line":59,"column":23},"end":{"line":62,"column":2}},"locations":[{"start":{"line":59,"column":23},"end":{"line":62,"column":2}}]},"51":{"type":"branch","line":61,"loc":{"start":{"line":61,"column":22},"end":{"line":61,"column":36}},"locations":[{"start":{"line":61,"column":22},"end":{"line":61,"column":36}}]},"52":{"type":"branch","line":61,"loc":{"start":{"line":61,"column":37},"end":{"line":61,"column":44}},"locations":[{"start":{"line":61,"column":37},"end":{"line":61,"column":44}}]},"53":{"type":"branch","line":63,"loc":{"start":{"line":63,"column":33},"end":{"line":63,"column":96}},"locations":[{"start":{"line":63,"column":33},"end":{"line":63,"column":96}}]}},"b":{"0":[3],"1":[3],"2":[8],"3":[4],"4":[11],"5":[1],"6":[10],"7":[4],"8":[6],"9":[3],"10":[4],"11":[4],"12":[11],"13":[3],"14":[7],"15":[4],"16":[3],"17":[2],"18":[2],"19":[1],"20":[7],"21":[4],"22":[3],"23":[2],"24":[1],"25":[6],"26":[5],"27":[1],"28":[7],"29":[3],"30":[2],"31":[5],"32":[1],"33":[1],"34":[4],"35":[1],"36":[3],"37":[5],"38":[1],"39":[1],"40":[1],"41":[4],"42":[12],"43":[11],"44":[6],"45":[4],"46":[2],"47":[7],"48":[2],"49":[5],"50":[4],"51":[1],"52":[3],"53":[2]},"fnMap":{"0":{"name":"formatAsSlug","decl":{"start":{"line":1,"column":28},"end":{"line":3,"column":2}},"loc":{"start":{"line":1,"column":28},"end":{"line":3,"column":2}},"line":1},"1":{"name":"formatSlugAsString","decl":{"start":{"line":4,"column":34},"end":{"line":6,"column":2}},"loc":{"start":{"line":4,"column":34},"end":{"line":6,"column":2}},"line":4},"2":{"name":"formatAsCamelCase","decl":{"start":{"line":7,"column":33},"end":{"line":12,"column":2}},"loc":{"start":{"line":7,"column":33},"end":{"line":12,"column":2}},"line":7},"3":{"name":"formatAsTitleCase","decl":{"start":{"line":13,"column":33},"end":{"line":15,"column":2}},"loc":{"start":{"line":13,"column":33},"end":{"line":15,"column":2}},"line":13},"4":{"name":"formatAsPascalCase","decl":{"start":{"line":16,"column":34},"end":{"line":20,"column":2}},"loc":{"start":{"line":16,"column":34},"end":{"line":20,"column":2}},"line":16},"5":{"name":"removeHtmlTags","decl":{"start":{"line":21,"column":30},"end":{"line":21,"column":75}},"loc":{"start":{"line":21,"column":30},"end":{"line":21,"column":75}},"line":21},"6":{"name":"formatNameAsInitials","decl":{"start":{"line":22,"column":36},"end":{"line":29,"column":2}},"loc":{"start":{"line":22,"column":36},"end":{"line":29,"column":2}},"line":22},"7":{"name":"formatNameAsUsername","decl":{"start":{"line":30,"column":36},"end":{"line":36,"column":2}},"loc":{"start":{"line":30,"column":36},"end":{"line":36,"column":2}},"line":30},"8":{"name":"formatFullNameAsInitials","decl":{"start":{"line":37,"column":40},"end":{"line":42,"column":2}},"loc":{"start":{"line":37,"column":40},"end":{"line":42,"column":2}},"line":37},"9":{"name":"formatNameAsFullName","decl":{"start":{"line":43,"column":36},"end":{"line":48,"column":2}},"loc":{"start":{"line":43,"column":36},"end":{"line":48,"column":2}},"line":43},"10":{"name":"formatRvLabel","decl":{"start":{"line":49,"column":29},"end":{"line":52,"column":2}},"loc":{"start":{"line":49,"column":29},"end":{"line":52,"column":2}},"line":49},"11":{"name":"escapeDoubleQuotes","decl":{"start":{"line":53,"column":34},"end":{"line":53,"column":69}},"loc":{"start":{"line":53,"column":34},"end":{"line":53,"column":69}},"line":53},"12":{"name":"capitalizeFirstLetter","decl":{"start":{"line":54,"column":37},"end":{"line":54,"column":105}},"loc":{"start":{"line":54,"column":37},"end":{"line":54,"column":105}},"line":54},"13":{"name":"formatNumberWithLeadingZero","decl":{"start":{"line":55,"column":43},"end":{"line":58,"column":2}},"loc":{"start":{"line":55,"column":43},"end":{"line":58,"column":2}},"line":55},"14":{"name":"toFloat","decl":{"start":{"line":59,"column":23},"end":{"line":62,"column":2}},"loc":{"start":{"line":59,"column":23},"end":{"line":62,"column":2}},"line":59},"15":{"name":"replaceDiacritics","decl":{"start":{"line":63,"column":33},"end":{"line":63,"column":96}},"loc":{"start":{"line":63,"column":33},"end":{"line":63,"column":96}},"line":63}},"f":{"0":3,"1":3,"2":4,"3":3,"4":4,"5":3,"6":7,"7":7,"8":6,"9":7,"10":5,"11":11,"12":6,"13":7,"14":4,"15":2}}
,"/Users/reinierkaper/personal/i18n-sourcemap-issues/src/utils/generate-route-paths.ts": {"path":"/Users/reinierkaper/personal/i18n-sourcemap-issues/src/utils/generate-route-paths.ts","all":false,"statementMap":{"0":{"start":{"line":1,"column":0},"end":{"line":1,"column":48}},"1":{"start":{"line":2,"column":0},"end":{"line":2,"column":10}},"2":{"start":{"line":3,"column":0},"end":{"line":3,"column":22}},"3":{"start":{"line":4,"column":0},"end":{"line":4,"column":28}},"4":{"start":{"line":5,"column":0},"end":{"line":5,"column":9}},"5":{"start":{"line":6,"column":0},"end":{"line":6,"column":4}},"6":{"start":{"line":7,"column":0},"end":{"line":7,"column":2}}},"s":{"0":1,"1":2,"2":2,"3":2,"4":2,"5":2,"6":2},"branchMap":{"0":{"type":"branch","line":1,"loc":{"start":{"line":1,"column":30},"end":{"line":7,"column":2}},"locations":[{"start":{"line":1,"column":30},"end":{"line":7,"column":2}}]}},"b":{"0":[2]},"fnMap":{"0":{"name":"generateRvPath","decl":{"start":{"line":1,"column":30},"end":{"line":7,"column":2}},"loc":{"start":{"line":1,"column":30},"end":{"line":7,"column":2}},"line":1}},"f":{"0":2}}
,"/Users/reinierkaper/personal/i18n-sourcemap-issues/src/utils/generators.ts": {"path":"/Users/reinierkaper/personal/i18n-sourcemap-issues/src/utils/generators.ts","all":false,"statementMap":{"0":{"start":{"line":1,"column":0},"end":{"line":1,"column":120}},"1":{"start":{"line":2,"column":0},"end":{"line":2,"column":41}}},"s":{"0":1,"1":1},"branchMap":{"0":{"type":"branch","line":2,"loc":{"start":{"line":2,"column":28},"end":{"line":2,"column":40}},"locations":[{"start":{"line":2,"column":28},"end":{"line":2,"column":40}}]}},"b":{"0":[1]},"fnMap":{"0":{"name":"generateUuid","decl":{"start":{"line":2,"column":28},"end":{"line":2,"column":40}},"loc":{"start":{"line":2,"column":28},"end":{"line":2,"column":40}},"line":2}},"f":{"0":1}}
,"/Users/reinierkaper/personal/i18n-sourcemap-issues/src/utils/get-free-distance-kms.ts": {"path":"/Users/reinierkaper/personal/i18n-sourcemap-issues/src/utils/get-free-distance-kms.ts","all":false,"statementMap":{"0":{"start":{"line":1,"column":0},"end":{"line":1,"column":53}},"3":{"start":{"line":4,"column":0},"end":{"line":4,"column":67}},"4":{"start":{"line":5,"column":0},"end":{"line":5,"column":37}},"5":{"start":{"line":6,"column":0},"end":{"line":6,"column":16}},"6":{"start":{"line":7,"column":0},"end":{"line":7,"column":3}},"7":{"start":{"line":8,"column":0},"end":{"line":8,"column":74}},"8":{"start":{"line":9,"column":0},"end":{"line":9,"column":83}},"9":{"start":{"line":10,"column":0},"end":{"line":10,"column":54}},"10":{"start":{"line":11,"column":0},"end":{"line":11,"column":1}}},"s":{"0":1,"3":1,"4":3,"5":1,"6":1,"7":2,"8":2,"9":3,"10":3},"branchMap":{"0":{"type":"branch","line":4,"loc":{"start":{"line":4,"column":15},"end":{"line":11,"column":1}},"locations":[{"start":{"line":4,"column":15},"end":{"line":11,"column":1}}]},"1":{"type":"branch","line":5,"loc":{"start":{"line":5,"column":36},"end":{"line":7,"column":3}},"locations":[{"start":{"line":5,"column":36},"end":{"line":7,"column":3}}]},"2":{"type":"branch","line":7,"loc":{"start":{"line":7,"column":2},"end":{"line":10,"column":25}},"locations":[{"start":{"line":7,"column":2},"end":{"line":10,"column":25}}]},"3":{"type":"branch","line":10,"loc":{"start":{"line":10,"column":25},"end":{"line":10,"column":42}},"locations":[{"start":{"line":10,"column":25},"end":{"line":10,"column":42}}]},"4":{"type":"branch","line":10,"loc":{"start":{"line":10,"column":43},"end":{"line":10,"column":52}},"locations":[{"start":{"line":10,"column":43},"end":{"line":10,"column":52}}]}},"b":{"0":[3],"1":[1],"2":[2],"3":[1],"4":[1]},"fnMap":{"0":{"name":"getFreeDistanceKms","decl":{"start":{"line":4,"column":15},"end":{"line":11,"column":1}},"loc":{"start":{"line":4,"column":15},"end":{"line":11,"column":1}},"line":4}},"f":{"0":3}}
,"/Users/reinierkaper/personal/i18n-sourcemap-issues/src/utils/ghost-repository.ts": {"path":"/Users/reinierkaper/personal/i18n-sourcemap-issues/src/utils/ghost-repository.ts","all":false,"statementMap":{"0":{"start":{"line":1,"column":0},"end":{"line":1,"column":44}},"1":{"start":{"line":2,"column":0},"end":{"line":2,"column":47}},"2":{"start":{"line":3,"column":0},"end":{"line":3,"column":13}},"3":{"start":{"line":4,"column":0},"end":{"line":4,"column":14}},"4":{"start":{"line":5,"column":0},"end":{"line":5,"column":5}},"5":{"start":{"line":6,"column":0},"end":{"line":6,"column":5}},"6":{"start":{"line":7,"column":0},"end":{"line":7,"column":52}},"7":{"start":{"line":8,"column":0},"end":{"line":8,"column":13}},"8":{"start":{"line":9,"column":0},"end":{"line":9,"column":29}},"9":{"start":{"line":10,"column":0},"end":{"line":10,"column":5}},"10":{"start":{"line":11,"column":0},"end":{"line":11,"column":5}},"11":{"start":{"line":12,"column":0},"end":{"line":12,"column":51}},"12":{"start":{"line":13,"column":0},"end":{"line":13,"column":13}},"13":{"start":{"line":14,"column":0},"end":{"line":14,"column":30}},"14":{"start":{"line":15,"column":0},"end":{"line":15,"column":14}},"15":{"start":{"line":16,"column":0},"end":{"line":16,"column":5}},"16":{"start":{"line":17,"column":0},"end":{"line":17,"column":5}},"17":{"start":{"line":18,"column":0},"end":{"line":18,"column":50}},"18":{"start":{"line":19,"column":0},"end":{"line":19,"column":13}},"19":{"start":{"line":20,"column":0},"end":{"line":20,"column":30}},"20":{"start":{"line":21,"column":0},"end":{"line":21,"column":34}},"21":{"start":{"line":22,"column":0},"end":{"line":22,"column":41}},"22":{"start":{"line":23,"column":0},"end":{"line":23,"column":37}},"23":{"start":{"line":24,"column":0},"end":{"line":24,"column":5}},"24":{"start":{"line":25,"column":0},"end":{"line":25,"column":5}},"25":{"start":{"line":26,"column":0},"end":{"line":26,"column":44}},"26":{"start":{"line":27,"column":0},"end":{"line":27,"column":13}},"27":{"start":{"line":28,"column":0},"end":{"line":28,"column":30}},"28":{"start":{"line":29,"column":0},"end":{"line":29,"column":26}},"29":{"start":{"line":30,"column":0},"end":{"line":30,"column":5}},"30":{"start":{"line":31,"column":0},"end":{"line":31,"column":5}},"31":{"start":{"line":32,"column":0},"end":{"line":32,"column":49}},"32":{"start":{"line":33,"column":0},"end":{"line":33,"column":13}},"33":{"start":{"line":34,"column":0},"end":{"line":34,"column":30}},"34":{"start":{"line":35,"column":0},"end":{"line":35,"column":34}},"35":{"start":{"line":36,"column":0},"end":{"line":36,"column":41}},"36":{"start":{"line":37,"column":0},"end":{"line":37,"column":37}},"37":{"start":{"line":38,"column":0},"end":{"line":38,"column":5}},"38":{"start":{"line":39,"column":0},"end":{"line":39,"column":5}},"39":{"start":{"line":40,"column":0},"end":{"line":40,"column":34}},"40":{"start":{"line":41,"column":0},"end":{"line":41,"column":13}},"41":{"start":{"line":42,"column":0},"end":{"line":42,"column":29}},"42":{"start":{"line":43,"column":0},"end":{"line":43,"column":19}},"43":{"start":{"line":44,"column":0},"end":{"line":44,"column":33}},"44":{"start":{"line":45,"column":0},"end":{"line":45,"column":5}},"45":{"start":{"line":46,"column":0},"end":{"line":46,"column":4}},"46":{"start":{"line":47,"column":0},"end":{"line":47,"column":3}}},"s":{"0":1,"1":8,"2":1,"3":1,"4":1,"5":8,"6":8,"7":1,"8":1,"9":1,"10":8,"11":8,"12":1,"13":1,"14":1,"15":1,"16":8,"17":8,"18":1,"19":1,"20":1,"21":1,"22":1,"23":1,"24":8,"25":8,"26":1,"27":1,"28":1,"29":1,"30":8,"31":8,"32":1,"33":1,"34":1,"35":1,"36":1,"37":1,"38":8,"39":8,"40":1,"41":1,"42":1,"43":1,"44":1,"45":1,"46":1},"branchMap":{"0":{"type":"branch","line":1,"loc":{"start":{"line":1,"column":31},"end":{"line":47,"column":2}},"locations":[{"start":{"line":1,"column":31},"end":{"line":47,"column":2}}]},"1":{"type":"branch","line":2,"loc":{"start":{"line":2,"column":11},"end":{"line":6,"column":4}},"locations":[{"start":{"line":2,"column":11},"end":{"line":6,"column":4}}]},"2":{"type":"branch","line":7,"loc":{"start":{"line":7,"column":12},"end":{"line":11,"column":4}},"locations":[{"start":{"line":7,"column":12},"end":{"line":11,"column":4}}]},"3":{"type":"branch","line":12,"loc":{"start":{"line":12,"column":11},"end":{"line":17,"column":4}},"locations":[{"start":{"line":12,"column":11},"end":{"line":17,"column":4}}]},"4":{"type":"branch","line":18,"loc":{"start":{"line":18,"column":20},"end":{"line":25,"column":4}},"locations":[{"start":{"line":18,"column":20},"end":{"line":25,"column":4}}]},"5":{"type":"branch","line":22,"loc":{"start":{"line":22,"column":36},"end":{"line":22,"column":40}},"locations":[{"start":{"line":22,"column":36},"end":{"line":22,"column":40}}]},"6":{"type":"branch","line":26,"loc":{"start":{"line":26,"column":17},"end":{"line":31,"column":4}},"locations":[{"start":{"line":26,"column":17},"end":{"line":31,"column":4}}]},"7":{"type":"branch","line":32,"loc":{"start":{"line":32,"column":19},"end":{"line":39,"column":4}},"locations":[{"start":{"line":32,"column":19},"end":{"line":39,"column":4}}]},"8":{"type":"branch","line":36,"loc":{"start":{"line":36,"column":36},"end":{"line":36,"column":40}},"locations":[{"start":{"line":36,"column":36},"end":{"line":36,"column":40}}]},"9":{"type":"branch","line":37,"loc":{"start":{"line":37,"column":32},"end":{"line":37,"column":37}},"locations":[{"start":{"line":37,"column":32},"end":{"line":37,"column":37}}]},"10":{"type":"branch","line":40,"loc":{"start":{"line":40,"column":11},"end":{"line":46,"column":4}},"locations":[{"start":{"line":40,"column":11},"end":{"line":46,"column":4}}]}},"b":{"0":[8],"1":[1],"2":[1],"3":[1],"4":[1],"5":[0],"6":[1],"7":[1],"8":[0],"9":[0],"10":[1]},"fnMap":{"0":{"name":"ghostRepository","decl":{"start":{"line":1,"column":31},"end":{"line":47,"column":2}},"loc":{"start":{"line":1,"column":31},"end":{"line":47,"column":2}},"line":1},"1":{"name":"getPage","decl":{"start":{"line":2,"column":11},"end":{"line":6,"column":4}},"loc":{"start":{"line":2,"column":11},"end":{"line":6,"column":4}},"line":2},"2":{"name":"getPosts","decl":{"start":{"line":7,"column":12},"end":{"line":11,"column":4}},"loc":{"start":{"line":7,"column":12},"end":{"line":11,"column":4}},"line":7},"3":{"name":"getPost","decl":{"start":{"line":12,"column":11},"end":{"line":17,"column":4}},"loc":{"start":{"line":12,"column":11},"end":{"line":17,"column":4}},"line":12},"4":{"name":"getPostsByAuthor","decl":{"start":{"line":18,"column":20},"end":{"line":25,"column":4}},"loc":{"start":{"line":18,"column":20},"end":{"line":25,"column":4}},"line":18},"5":{"name":"getPostsByTag","decl":{"start":{"line":26,"column":17},"end":{"line":31,"column":4}},"loc":{"start":{"line":26,"column":17},"end":{"line":31,"column":4}},"line":26},"6":{"name":"getPostsForBlog","decl":{"start":{"line":32,"column":19},"end":{"line":39,"column":4}},"loc":{"start":{"line":32,"column":19},"end":{"line":39,"column":4}},"line":32},"7":{"name":"getTags","decl":{"start":{"line":40,"column":11},"end":{"line":46,"column":4}},"loc":{"start":{"line":40,"column":11},"end":{"line":46,"column":4}},"line":40}},"f":{"0":8,"1":1,"2":1,"3":1,"4":1,"5":1,"6":1,"7":1}}
,"/Users/reinierkaper/personal/i18n-sourcemap-issues/src/utils/history.ts": {"path":"/Users/reinierkaper/personal/i18n-sourcemap-issues/src/utils/history.ts","all":false,"statementMap":{"0":{"start":{"line":1,"column":0},"end":{"line":1,"column":55}},"1":{"start":{"line":2,"column":0},"end":{"line":2,"column":67}},"2":{"start":{"line":3,"column":0},"end":{"line":3,"column":52}},"3":{"start":{"line":4,"column":0},"end":{"line":4,"column":27}},"4":{"start":{"line":5,"column":0},"end":{"line":5,"column":31}},"5":{"start":{"line":6,"column":0},"end":{"line":6,"column":32}},"6":{"start":{"line":7,"column":0},"end":{"line":7,"column":32}},"7":{"start":{"line":8,"column":0},"end":{"line":8,"column":12}},"8":{"start":{"line":9,"column":0},"end":{"line":9,"column":46}},"9":{"start":{"line":10,"column":0},"end":{"line":10,"column":5}},"10":{"start":{"line":11,"column":0},"end":{"line":11,"column":5}},"11":{"start":{"line":12,"column":0},"end":{"line":12,"column":130}},"12":{"start":{"line":13,"column":0},"end":{"line":13,"column":2}}},"s":{"0":1,"1":4,"2":4,"3":4,"4":1,"5":4,"6":1,"7":3,"8":2,"9":2,"10":4,"11":4,"12":4},"branchMap":{"0":{"type":"branch","line":1,"loc":{"start":{"line":1,"column":37},"end":{"line":13,"column":2}},"locations":[{"start":{"line":1,"column":37},"end":{"line":13,"column":2}}]},"1":{"type":"branch","line":12,"loc":{"start":{"line":12,"column":90},"end":{"line":12,"column":121}},"locations":[{"start":{"line":12,"column":90},"end":{"line":12,"column":121}}]},"2":{"type":"branch","line":12,"loc":{"start":{"line":12,"column":122},"end":{"line":12,"column":126}},"locations":[{"start":{"line":12,"column":122},"end":{"line":12,"column":126}}]},"3":{"type":"branch","line":3,"loc":{"start":{"line":3,"column":33},"end":{"line":11,"column":3}},"locations":[{"start":{"line":3,"column":33},"end":{"line":11,"column":3}}]},"4":{"type":"branch","line":4,"loc":{"start":{"line":4,"column":26},"end":{"line":6,"column":5}},"locations":[{"start":{"line":4,"column":26},"end":{"line":6,"column":5}}]},"5":{"type":"branch","line":6,"loc":{"start":{"line":6,"column":5},"end":{"line":10,"column":5}},"locations":[{"start":{"line":6,"column":5},"end":{"line":10,"column":5}}]},"6":{"type":"branch","line":6,"loc":{"start":{"line":6,"column":31},"end":{"line
[...]
{"start":{"line":115,"column":40},"end":{"line":115,"column":76}},"locations":[{"start":{"line":115,"column":40},"end":{"line":115,"column":76}}]},"214":{"type":"branch","line":115,"loc":{"start":{"line":115,"column":77},"end":{"line":115,"column":85}},"locations":[{"start":{"line":115,"column":77},"end":{"line":115,"column":85}}]},"215":{"type":"branch","line":116,"loc":{"start":{"line":116,"column":32},"end":{"line":116,"column":41}},"locations":[{"start":{"line":116,"column":32},"end":{"line":116,"column":41}}]},"216":{"type":"branch","line":116,"loc":{"start":{"line":116,"column":42},"end":{"line":116,"column":93}},"locations":[{"start":{"line":116,"column":42},"end":{"line":116,"column":93}}]},"217":{"type":"branch","line":116,"loc":{"start":{"line":116,"column":76},"end":{"line":116,"column":93}},"locations":[{"start":{"line":116,"column":76},"end":{"line":116,"column":93}}]},"218":{"type":"branch","line":116,"loc":{"start":{"line":116,"column":94},"end":{"line":116,"column":100}},"locations":[{"start":{"line":116,"column":94},"end":{"line":116,"column":100}}]},"219":{"type":"branch","line":117,"loc":{"start":{"line":117,"column":47},"end":{"line":117,"column":71}},"locations":[{"start":{"line":117,"column":47},"end":{"line":117,"column":71}}]},"220":{"type":"branch","line":117,"loc":{"start":{"line":117,"column":72},"end":{"line":117,"column":103}},"locations":[{"start":{"line":117,"column":72},"end":{"line":117,"column":103}}]},"221":{"type":"branch","line":117,"loc":{"start":{"line":117,"column":104},"end":{"line":117,"column":132}},"locations":[{"start":{"line":117,"column":104},"end":{"line":117,"column":132}}]},"222":{"type":"branch","line":117,"loc":{"start":{"line":117,"column":128},"end":{"line":117,"column":132}},"locations":[{"start":{"line":117,"column":128},"end":{"line":117,"column":132}}]},"223":{"type":"branch","line":118,"loc":{"start":{"line":118,"column":48},"end":{"line":118,"column":58}},"locations":[{"start":{"line":118,"column":48},"end":{"line":118,"column":58}}]},"224":{"type":"branch","line":122,"loc":{"start":{"line":122,"column":37},"end":{"line":122,"column":59}},"locations":[{"start":{"line":122,"column":37},"end":{"line":122,"column":59}}]},"225":{"type":"branch","line":122,"loc":{"start":{"line":122,"column":60},"end":{"line":122,"column":80}},"locations":[{"start":{"line":122,"column":60},"end":{"line":122,"column":80}}]},"226":{"type":"branch","line":123,"loc":{"start":{"line":123,"column":34},"end":{"line":123,"column":45}},"locations":[{"start":{"line":123,"column":34},"end":{"line":123,"column":45}}]},"227":{"type":"branch","line":123,"loc":{"start":{"line":123,"column":46},"end":{"line":123,"column":53}},"locations":[{"start":{"line":123,"column":46},"end":{"line":123,"column":53}}]},"228":{"type":"branch","line":169,"loc":{"start":{"line":169,"column":38},"end":{"line":173,"column":3}},"locations":[{"start":{"line":169,"column":38},"end":{"line":173,"column":3}}]},"229":{"type":"branch","line":173,"loc":{"start":{"line":173,"column":4},"end":{"line":173,"column":8}},"locations":[{"start":{"line":173,"column":4},"end":{"line":173,"column":8}}]},"230":{"type":"branch","line":174,"loc":{"start":{"line":174,"column":53},"end":{"line":174,"column":61}},"locations":[{"start":{"line":174,"column":53},"end":{"line":174,"column":61}}]},"231":{"type":"branch","line":174,"loc":{"start":{"line":174,"column":62},"end":{"line":176,"column":4}},"locations":[{"start":{"line":174,"column":62},"end":{"line":176,"column":4}}]},"232":{"type":"branch","line":176,"loc":{"start":{"line":176,"column":5},"end":{"line":176,"column":9}},"locations":[{"start":{"line":176,"column":5},"end":{"line":176,"column":9}}]},"233":{"type":"branch","line":93,"loc":{"start":{"line":93,"column":41},"end":{"line":93,"column":99}},"locations":[{"start":{"line":93,"column":41},"end":{"line":93,"column":99}}]},"234":{"type":"branch","line":94,"loc":{"start":{"line":94,"column":55},"end":{"line":94,"column":141}},"locations":[{"start":{"line":94,"column":55},"end":{"line":94,"column":141}}]},"235":{"type":"branch","line":94,"loc":{"start":{"line":94,"column":113},"end":{"line":94,"column":141}},"locations":[{"start":{"line":94,"column":113},"end":{"line":94,"column":141}}]},"236":{"type":"branch","line":98,"loc":{"start":{"line":98,"column":23},"end":{"line":98,"column":162}},"locations":[{"start":{"line":98,"column":23},"end":{"line":98,"column":162}}]},"237":{"type":"branch","line":98,"loc":{"start":{"line":98,"column":90},"end":{"line":98,"column":160}},"locations":[{"start":{"line":98,"column":90},"end":{"line":98,"column":160}}]},"238":{"type":"branch","line":124,"loc":{"start":{"line":124,"column":2},"end":{"line":130,"column":3}},"locations":[{"start":{"line":124,"column":2},"end":{"line":130,"column":3}}]},"239":{"type":"branch","line":125,"loc":{"start":{"line":125,"column":26},"end":{"line":127,"column":5}},"locations":[{"start":{"line":125,"column":26},"end":{"line":127,"column":5}}]},"240":{"type":"branch","line":127,"loc":{"start":{"line":127,"column":4},"end":{"line":130,"column":2}},"locations":[{"start":{"line":127,"column":4},"end":{"line":130,"column":2}}]},"241":{"type":"branch","line":131,"loc":{"start":{"line":131,"column":2},"end":{"line":152,"column":3}},"locations":[{"start":{"line":131,"column":2},"end":{"line":152,"column":3}}]},"242":{"type":"branch","line":133,"loc":{"start":{"line":133,"column":30},"end":{"line":133,"column":52}},"locations":[{"start":{"line":133,"column":30},"end":{"line":133,"column":52}}]},"243":{"type":"branch","line":133,"loc":{"start":{"line":133,"column":54},"end":{"line":135,"column":5}},"locations":[{"start":{"line":133,"column":54},"end":{"line":135,"column":5}}]},"244":{"type":"branch","line":135,"loc":{"start":{"line":135,"column":4},"end":{"line":140,"column":62}},"locations":[{"start":{"line":135,"column":4},"end":{"line":140,"column":62}}]},"245":{"type":"branch","line":140,"loc":{"start":{"line":140,"column":62},"end":{"line":140,"column":65}},"locations":[{"start":{"line":140,"column":62},"end":{"line":140,"column":65}}]},"246":{"type":"branch","line":140,"loc":{"start":{"line":140,"column":66},"end":{"line":140,"column":69}},"locations":[{"start":{"line":140,"column":66},"end":{"line":140,"column":69}}]},"247":{"type":"branch","line":145,"loc":{"start":{"line":145,"column":32},"end":{"line":150,"column":5}},"locations":[{"start":{"line":145,"column":32},"end":{"line":150,"column":5}}]},"248":{"type":"branch","line":150,"loc":{"start":{"line":150,"column":4},"end":{"line":152,"column":2}},"locations":[{"start":{"line":150,"column":4},"end":{"line":152,"column":2}}]},"249":{"type":"branch","line":153,"loc":{"start":{"line":153,"column":2},"end":{"line":168,"column":3}},"locations":[{"start":{"line":153,"column":2},"end":{"line":168,"column":3}}]},"250":{"type":"branch","line":155,"loc":{"start":{"line":155,"column":25},"end":{"line":166,"column":5}},"locations":[{"start":{"line":155,"column":25},"end":{"line":166,"column":5}}]},"251":{"type":"branch","line":158,"loc":{"start":{"line":158,"column":49},"end":{"line":160,"column":7}},"locations":[{"start":{"line":158,"column":49},"end":{"line":160,"column":7}}]},"252":{"type":"branch","line":174,"loc":{"start":{"line":174,"column":100},"end":{"line":174,"column":166}},"locations":[{"start":{"line":174,"column":100},"end":{"line":174,"column":166}}]},"253":{"type":"branch","line":174,"loc":{"start":{"line":174,"column":172},"end":{"line":176,"column":3}},"locations":[{"start":{"line":174,"column":172},"end":{"line":176,"column":3}}]}},"b":{"0":[83],"1":[78],"2":[9],"3":[78],"4":[5],"5":[78],"6":[5],"7":[78],"8":[5],"9":[78],"10":[9],"11":[78],"12":[9],"13":[78],"14":[9],"15":[78],"16":[9],"17":[78],"18":[9],"19":[78],"20":[9],"21":[78],"22":[11],"23":[78],"24":[11],"25":[78],"26":[9],"27":[78],"28":[10],"29":[78],"30":[9],"31":[78],"32":[9],"33":[78],"34":[9],"35":[78],"36":[9],"37":[78],"38":[9],"39":[78],"40":[5],"41":[78],"42":[10],"43":[78],"44":[5],"45":[78],"46":[9],"47":[78],"48":[9],"49":[78],"50":[9],"51":[78],"52":[9],"53":[78],"54":[10],"55":[78],"56":[9],"57":[78],"58":[5],"59":[78],"60":[9],"61":[78],"62":[9],"63":[78],"64":[5],"65":[78],"66":[5],"67":[78],"68":[9],"69":[78],"70":[5],"71":[78],"72":[9],"73":[78],"74":[5],"75":[78],"76":[5],"77":[78],"78":[9],"79":[78],"80":[5],"81":[78],"82":[5],"83":[0],"84":[5],"85":[78],"86":[5],"87":[78],"88":[9],"89":[78],"90":[9],"91":[78],"92":[9],"93":[78],"94":[9],"95":[78],"96":[5],"97":[78],"98":[9],"99":[78],"100":[5],"101":[78],"102":[5],"103":[78],"104":[5],"105":[78],"106":[9],"107":[78],"108":[9],"109":[78],"110":[9],"111":[78],"112":[9],"113":[78],"114":[5],"115":[78],"116":[9],"117":[78],"118":[9],"119":[78],"120":[5],"121":[78],"122":[9],"123":[78],"124":[9],"125":[78],"126":[9],"127":[78],"128":[78],"129":[9],"130":[78],"131":[5],"132":[78],"133":[9],"134":[78],"135":[9],"136":[78],"137":[9],"138":[78],"139":[9],"140":[78],"141":[5],"142":[78],"143":[11],"144":[78],"145":[9],"146":[78],"147":[9],"148":[78],"149":[9],"150":[78],"151":[9],"152":[78],"153":[9],"154":[78],"155":[10],"156":[78],"157":[10],"158":[78],"159":[9],"160":[78],"161":[5],"162":[78],"163":[9],"164":[78],"165":[5],"166":[9],"167":[9],"168":[9],"169":[9],"170":[9],"171":[9],"172":[74],"173":[9],"174":[74],"175":[9],"176":[71],"177":[71],"178":[6],"179":[74],"180":[74],"181":[73],"182":[73],"183":[72],"184":[72],"185":[74],"186":[9],"187":[74],"188":[9],"189":[74],"190":[57],"191":[57],"192":[57],"193":[26],"194":[78],"195":[74],"196":[1],"197":[73],"198":[9],"199":[10],"200":[1],"201":[9],"202":[78],"203":[78],"204":[5],"205":[78],"206":[78],"207":[5],"208":[8],"209":[75],"210":[8],"211":[75],"212":[74],"213":[73],"214":[10],"215":[74],"216":[73],"217":[0],"218":[10],"219":[61],"220":[58],"221":[25],"222":[9],"223":[74],"224":[74],"225":[9],"226":[74],"227":[9],"228":[74],"229":[9],"230":[74],"231":[74],"232":[9],"233":[74],"234":[145],"235":[74],"236":[2],"237":[3],"238":[74],"239":[2],"240":[72],"241":[74],"242":[72],"243":[2],"244":[72],"245":[0],"246":[72],"247":[216],"248":[72],"249":[74],"250":[72],"251":[0],"252":[518],"253":[296]},"fnMap":{"0":{"name":"getRvDetails","decl":{"start":{"line":9,"column":28},"end":{"line":296,"column":2}},"loc":{"start":{"line":9,"column":28},"end":{"line":296,"column":2}},"line":9},"1":{"name":"rvHasAmenity","decl":{"start":{"line":98,"column":23},"end":{"line":98,"column":162}},"loc":{"start":{"line":98,"column":23},"end":{"line":98,"column":162}},"line":98},"2":{"name":"getBlockedRangesFromSellingDate","decl":{"start":{"line":124,"column":2},"end":{"line":130,"column":3}},"loc":{"start":{"line":124,"column":2},"end":{"line":130,"column":3}},"line":124},"3":{"name":"getBlockedRangesFromBookingSeason","decl":{"start":{"line":131,"column":2},"end":{"line":152,"column":3}},"loc":{"start":{"line":131,"column":2},"end":{"line":152,"column":3}},"line":131},"4":{"name":"getBlockedRangesFromCalendar","decl":{"start":{"line":153,"column":2},"end":{"line":168,"column":3}},"loc":{"start":{"line":153,"column":2},"end":{"line":168,"column":3}},"line":153}},"f":{"0":83,"1":2,"2":74,"3":74,"4":74}}
,"/Users/reinierkaper/personal/i18n-sourcemap-issues/src/utils/rv/get-rv-snapshot.ts": {"path":"/Users/reinierkaper/personal/i18n-sourcemap-issues/src/utils/rv/get-rv-snapshot.ts","all":false,"statementMap":{"0":{"start":{"line":1,"column":0},"end":{"line":1,"column":73}},"1":{"start":{"line":2,"column":0},"end":{"line":2,"column":43}},"2":{"start":{"line":3,"column":0},"end":{"line":3,"column":73}},"3":{"start":{"line":4,"column":0},"end":{"line":4,"column":50}},"4":{"start":{"line":5,"column":0},"end":{"line":5,"column":67}},"5":{"start":{"line":6,"column":0},"end":{"line":6,"column":69}},"6":{"start":{"line":7,"column":0},"end":{"line":7,"column":38}},"7":{"start":{"line":8,"column":0},"end":{"line":8,"column":77}},"8":{"start":{"line":9,"column":0},"end":{"line":9,"column":73}},"9":{"start":{"line":10,"column":0},"end":{"line":10,"column":61}},"10":{"start":{"line":11,"column":0},"end":{"line":11,"column":79}},"11":{"start":{"line":12,"column":0},"end":{"line":12,"column":54}},"12":{"start":{"line":13,"column":0},"end":{"line":13,"column":56}},"13":{"start":{"line":14,"column":0},"end":{"line":14,"column":54}},"14":{"start":{"line":15,"column":0},"end":{"line":15,"column":83}},"15":{"start":{"line":16,"column":0},"end":{"line":16,"column":79}},"16":{"start":{"line":17,"column":0},"end":{"line":17,"column":77}},"17":{"start":{"line":18,"column":0},"end":{"line":18,"column":95}},"18":{"start":{"line":19,"column":0},"end":{"line":19,"column":88}},"19":{"start":{"line":20,"column":0},"end":{"line":20,"column":78}},"20":{"start":{"line":21,"column":0},"end":{"line":21,"column":112}},"21":{"start":{"line":22,"column":0},"end":{"line":22,"column":120}},"22":{"start":{"line":23,"column":0},"end":{"line":23,"column":10}},"23":{"start":{"line":24,"column":0},"end":{"line":24,"column":22}},"24":{"start":{"line":25,"column":0},"end":{"line":25,"column":19}},"25":{"start":{"line":26,"column":0},"end":{"line":26,"column":32}},"26":{"start":{"line":27,"column":0},"end":{"line":27,"column":23}},"27":{"start":{"line":28,"column":0},"end":{"line":28,"column":29}},"28":{"start":{"line":29,"column":0},"end":{"line":29,"column":30}},"29":{"start":{"line":30,"column":0},"end":{"line":30,"column":17}},"30":{"start":{"line":31,"column":0},"end":{"line":31,"column":32}},"31":{"start":{"line":32,"column":0},"end":{"line":32,"column":30}},"32":{"start":{"line":33,"column":0},"end":{"line":33,"column":24}},"33":{"start":{"line":34,"column":0},"end":{"line":34,"column":35}},"34":{"start":{"line":35,"column":0},"end":{"line":35,"column":25}},"35":{"start":{"line":36,"column":0},"end":{"line":36,"column":22}},"36":{"start":{"line":37,"column":0},"end":{"line":37,"column":21}},"37":{"start":{"line":38,"column":0},"end":{"line":38,"column":35}},"38":{"start":{"line":39,"column":0},"end":{"line":39,"column":37}},"39":{"start":{"line":40,"column":0},"end":{"line":40,"column":34}},"40":{"start":{"line":41,"column":0},"end":{"line":41,"column":33}},"41":{"start":{"line":42,"column":0},"end":{"line":42,"column":30}},"42":{"start":{"line":43,"column":0},"end":{"line":43,"column":38}},"43":{"start":{"line":44,"column":0},"end":{"line":44,"column":4}},"44":{"start":{"line":45,"column":0},"end":{"line":45,"column":1}}},"s":{"0":1,"1":1,"2":4,"3":4,"4":4,"5":4,"6":4,"7":4,"8":4,"9":4,"10":4,"11":4,"12":4,"13":4,"14":4,"15":4,"16":4,"17":4,"18":4,"19":4,"20":4,"21":4,"22":4,"23":4,"24":4,"25":4,"26":4,"27":4,"28":4,"29":4,"30":4,"31":4,"32":4,"33":4,"34":4,"35":4,"36":4,"37":4,"38":4,"39":4,"40":4,"41":4,"42":4,"43":4,"44":4},"branchMap":{"0":{"type":"branch","line":2,"loc":{"start":{"line":2,"column":7},"end":{"line":45,"column":1}},"locations":[{"start":{"line":2,"column":7},"end":{"line":45,"column":1}}]},"1":{"type":"branch","line":3,"loc":{"start":{"line":3,"column":48},"end":{"line":3,"column":67}},"locations":[{"start":{"line":3,"column":48},"end":{"line":3,"column":67}}]},"2":{"type":"branch","line":4,"loc":{"start":{"line":4,"column":35},"end":{"line":4,"column":41}},"locations":[{"start":{"line":4,"column":35},"end":{"line":4,"column":41}}]},"3":{"type":"branch","line":4,"loc":{"start":{"line":4,"column":42},"end":{"line":4,"column":49}},"locations":[{"start":{"line":4,"column":42},"end":{"line":4,"column":49}}]},"4":{"type":"branch","line":5,"loc":{"start":{"line":5,"column":45},"end":{"line":5,"column":61}},"locations":[{"start":{"line":5,"column":45},"end":{"line":5,"column":61}}]},"5":{"type":"branch","line":6,"loc":{"start":{"line":6,"column":46},"end":{"line":6,"column":63}},"locations":[{"start":{"line":6,"column":46},"end":{"line":6,"column":63}}]},"6":{"type":"branch","line":7,"loc":{"start":{"line":7,"column":33},"end":{"line":7,"column":37}},"locations":[{"start":{"line":7,"column":33},"end":{"line":7,"column":37}}]},"7":{"type":"branch","line":8,"loc":{"start":{"line":8,"column":48},"end":{"line":8,"column":67}},"locations":[{"start":{"line":8,"column":48},"end":{"line":8,"column":67}}]},"8":{"type":"branch","line":8,"loc":{"start":{"line":8,"column":68},"end":{"line":8,"column":76}},"locations":[{"start":{"line":8,"column":68},"end":{"line":8,"column":76}}]},"9":{"type":"branch","line":9,"loc":{"start":{"line":9,"column":46},"end":{"line":9,"column":63}},"locations":[{"start":{"line":9,"column":46},"end":{"line":9,"column":63}}]},"10":{"type":"branch","line":9,"loc":{"start":{"line":9,"column":64},"end":{"line":9,"column":72}},"locations":[{"start":{"line":9,"column":64},"end":{"line":9,"column":72}}]},"11":{"type":"branch","line":10,"loc":{"start":{"line":10,"column":40},"end":{"line":10,"column":51}},"locations":[{"start":{"line":10,"column":40},"end":{"line":10,"column":51}}]},"12":{"type":"branch","line":10,"loc":{"start":{"line":10,"column":52},"end":{"line":10,"column":60}},"locations":[{"start":{"line":10,"column":52},"end":{"line":10,"column":60}}]},"13":{"type":"branch","line":11,"loc":{"start":{"line":11,"column":51},"end":{"line":11,"column":73}},"locations":[{"start":{"line":11,"column":51},"end":{"line":11,"column":73}}]},"14":{"type":"branch","line":11,"loc":{"start":{"line":11,"column":74},"end":{"line":11,"column":78}},"locations":[{"start":{"line":11,"column":74},"end":{"line":11,"column":78}}]},"15":{"type":"branch","line":12,"loc":{"start":{"line":12,"column":41},"end":{"line":12,"column":53}},"locations":[{"start":{"line":12,"column":41},"end":{"line":12,"column":53}}]},"16":{"type":"branch","line":13,"loc":{"start":{"line":13,"column":38},"end":{"line":13,"column":47}},"locations":[{"start":{"line":13,"column":38},"end":{"line":13,"column":47}}]},"17":{"type":"branch","line":13,"loc":{"start":{"line":13,"column":48},"end":{"line":13,"column":55}},"locations":[{"start":{"line":13,"column":48},"end":{"line":13,"column":55}}]},"18":{"type":"branch","line":14,"loc":{"start":{"line":14,"column":37},"end":{"line":14,"column":45}},"locations":[{"start":{"line":14,"column":37},"end":{"line":14,"column":45}}]},"19":{"type":"branch","line":14,"loc":{"start":{"line":14,"column":46},"end":{"line":14,"column":53}},"locations":[{"start":{"line":14,"column":46},"end":{"line":14,"column":53}}]},"20":{"type":"branch","line":15,"loc":{"start":{"line":15,"column":53},"end":{"line":15,"column":77}},"locations":[{"start":{"line":15,"column":53},"end":{"line":15,"column":77}}]},"21":{"type":"branch","line":16,"loc":{"start":{"line":16,"column":51},"end":{"line":16,"column":73}},"locations":[{"start":{"line":16,"column":51},"end":{"line":16,"column":73}}]},"22":{"type":"branch","line":17,"loc":{"start":{"line":17,"column":50},"end":{"line":17,"column":71}},"locations":[{"start":{"line":17,"column":50},"end":{"line":17,"column":71}}]},"23":{"type":"branch","line":18,"loc":{"start":{"line":18,"column":38},"end":{"line":18,"column":47}},"locations":[{"start":{"line":18,"column":38},"end":{"line":18,"column":47}}]},"24":{"type":"branch","line":18,"loc":{"start":{"line":18,"column":48},"end":{"line":18,"column":85}},"locations":[{"start":{"line":18,"column":48},"end":{"line":18,"column":85}}]},"25":{"type":"branch","line":18,"loc":{"start":{"line":18,"column":86},"end":{"line":18,"column":94}},"locations":[{"start":{"line":18,"column":86},"end":{"line":18,"column":94}}]},"26":{"type":"branch","line":19,"loc":{"start":{"line":19,"column":47},"end":{"line":19,"column":87}},"locations":[{"start":{"line":19,"column":47},"end":{"line":19,"column":87}}]}},"b":{"0":[4],"1":[1],"2":[1],"3":[3],"4":[1],"5":[1],"6":[1],"7":[1],"8":[3],"9":[1],"10":[3],"11":[1],"12":[3],"13":[1],"14":[3],"15":[1],"16":[1],"17":[3],"18":[1],"19":[3],"20":[1],"21":[1],"22":[1],"23":[1],"24":[1],"25":[3],"26":[1]},"fnMap":{"0":{"name":"getRvSnapshot","decl":{"start":{"line":2,"column":7},"end":{"line":45,"column":1}},"loc":{"start":{"line":2,"column":7},"end":{"line":45,"column":1}},"line":2}},"f":{"0":4}}
}
